{"/home/travis/build/npmtest/node-npmtest-aerospike/test.js":{"path":"/home/travis/build/npmtest/node-npmtest-aerospike/test.js","s":{"1":2,"2":2,"3":2,"4":2,"5":2,"6":2,"7":2,"8":1,"9":2,"10":2,"11":1,"12":1,"13":1,"14":1,"15":2,"16":2,"17":2,"18":2,"19":1,"20":1,"21":2,"22":2,"23":2,"24":1,"25":1,"26":1,"27":1,"28":1,"29":1,"30":1,"31":1,"32":1,"33":1,"34":1,"35":1,"36":1,"37":1,"38":1,"39":2,"40":2,"41":1,"42":2,"43":2,"44":1,"45":2,"46":2,"47":1,"48":2,"49":2,"50":1,"51":1,"52":1,"53":1,"54":1},"b":{"1":[2,1,1,1],"2":[1,1,1,1],"3":[1,1],"4":[1,1],"5":[1,1],"6":[1,1],"7":[1,1],"8":[1,1],"9":[1,1],"10":[1,1,1],"11":[1,1],"12":[1,1],"13":[1,1],"14":[1,1],"15":[1,1],"16":[1,1],"17":[1,1]},"f":{"1":2,"2":2,"3":2,"4":2,"5":2,"6":1,"7":1,"8":1,"9":2,"10":2,"11":2,"12":2,"13":1},"fnMap":{"1":{"name":"(anonymous_1)","line":12,"loc":{"start":{"line":12,"column":1},"end":{"line":12,"column":13}}},"2":{"name":"(anonymous_2)","line":19,"loc":{"start":{"line":19,"column":5},"end":{"line":19,"column":17}}},"3":{"name":"(anonymous_3)","line":23,"loc":{"start":{"line":23,"column":24},"end":{"line":23,"column":36}}},"4":{"name":"(anonymous_4)","line":61,"loc":{"start":{"line":61,"column":5},"end":{"line":61,"column":17}}},"5":{"name":"(anonymous_5)","line":82,"loc":{"start":{"line":82,"column":5},"end":{"line":82,"column":17}}},"6":{"name":"(anonymous_6)","line":91,"loc":{"start":{"line":91,"column":77},"end":{"line":94,"column":10}}},"7":{"name":"(anonymous_7)","line":112,"loc":{"start":{"line":112,"column":83},"end":{"line":115,"column":10}},"skip":true},"8":{"name":"(anonymous_8)","line":123,"loc":{"start":{"line":123,"column":77},"end":{"line":126,"column":10}},"skip":true},"9":{"name":"(anonymous_9)","line":139,"loc":{"start":{"line":139,"column":12},"end":{"line":139,"column":40}},"skip":true},"10":{"name":"(anonymous_10)","line":147,"loc":{"start":{"line":147,"column":77},"end":{"line":150,"column":10}},"skip":true},"11":{"name":"(anonymous_11)","line":158,"loc":{"start":{"line":158,"column":83},"end":{"line":161,"column":10}},"skip":true},"12":{"name":"(anonymous_12)","line":169,"loc":{"start":{"line":169,"column":79},"end":{"line":172,"column":10}},"skip":true},"13":{"name":"(anonymous_13)","line":180,"loc":{"start":{"line":180,"column":75},"end":{"line":183,"column":10}},"skip":true}},"statementMap":{"1":{"start":{"line":12,"column":0},"end":{"line":195,"column":5}},"2":{"start":{"line":14,"column":4},"end":{"line":14,"column":14}},"3":{"start":{"line":19,"column":4},"end":{"line":56,"column":9}},"4":{"start":{"line":21,"column":8},"end":{"line":21,"column":19}},"5":{"start":{"line":23,"column":8},"end":{"line":35,"column":13}},"6":{"start":{"line":24,"column":12},"end":{"line":34,"column":13}},"7":{"start":{"line":25,"column":16},"end":{"line":28,"column":30}},"8":{"start":{"line":30,"column":16},"end":{"line":33,"column":27}},"9":{"start":{"line":37,"column":8},"end":{"line":39,"column":21}},"10":{"start":{"line":40,"column":8},"end":{"line":53,"column":9}},"11":{"start":{"line":43,"column":12},"end":{"line":46,"column":14}},"12":{"start":{"line":47,"column":12},"end":{"line":47,"column":18}},"13":{"start":{"line":50,"column":12},"end":{"line":51,"column":33}},"14":{"start":{"line":52,"column":12},"end":{"line":52,"column":18}},"15":{"start":{"line":55,"column":8},"end":{"line":55,"column":35}},"16":{"start":{"line":61,"column":4},"end":{"line":63,"column":9}},"17":{"start":{"line":62,"column":8},"end":{"line":62,"column":15}},"18":{"start":{"line":64,"column":4},"end":{"line":77,"column":5}},"19":{"start":{"line":70,"column":8},"end":{"line":70,"column":14}},"20":{"start":{"line":76,"column":8},"end":{"line":76,"column":14}},"21":{"start":{"line":82,"column":4},"end":{"line":84,"column":9}},"22":{"start":{"line":83,"column":8},"end":{"line":83,"column":15}},"23":{"start":{"line":85,"column":4},"end":{"line":194,"column":5}},"24":{"start":{"line":91,"column":8},"end":{"line":99,"column":10}},"25":{"start":{"line":98,"column":12},"end":{"line":98,"column":35}},"26":{"start":{"line":102,"column":8},"end":{"line":104,"column":63}},"27":{"start":{"line":105,"column":8},"end":{"line":105,"column":14}},"28":{"start":{"line":112,"column":8},"end":{"line":121,"column":10},"skip":true},"29":{"start":{"line":119,"column":12},"end":{"line":119,"column":55},"skip":true},"30":{"start":{"line":120,"column":12},"end":{"line":120,"column":48},"skip":true},"31":{"start":{"line":123,"column":8},"end":{"line":136,"column":10},"skip":true},"32":{"start":{"line":130,"column":12},"end":{"line":130,"column":76},"skip":true},"33":{"start":{"line":131,"column":12},"end":{"line":131,"column":73},"skip":true},"34":{"start":{"line":132,"column":12},"end":{"line":132,"column":74},"skip":true},"35":{"start":{"line":133,"column":12},"end":{"line":133,"column":79},"skip":true},"36":{"start":{"line":134,"column":12},"end":{"line":134,"column":25},"skip":true},"37":{"start":{"line":135,"column":12},"end":{"line":135,"column":45},"skip":true},"38":{"start":{"line":138,"column":8},"end":{"line":145,"column":14},"skip":true},"39":{"start":{"line":143,"column":16},"end":{"line":143,"column":29},"skip":true},"40":{"start":{"line":144,"column":16},"end":{"line":144,"column":55},"skip":true},"41":{"start":{"line":147,"column":8},"end":{"line":156,"column":10},"skip":true},"42":{"start":{"line":154,"column":12},"end":{"line":154,"column":25},"skip":true},"43":{"start":{"line":155,"column":12},"end":{"line":155,"column":45},"skip":true},"44":{"start":{"line":158,"column":8},"end":{"line":167,"column":10},"skip":true},"45":{"start":{"line":165,"column":12},"end":{"line":165,"column":25},"skip":true},"46":{"start":{"line":166,"column":12},"end":{"line":166,"column":48},"skip":true},"47":{"start":{"line":169,"column":8},"end":{"line":178,"column":10},"skip":true},"48":{"start":{"line":176,"column":12},"end":{"line":176,"column":25},"skip":true},"49":{"start":{"line":177,"column":12},"end":{"line":177,"column":46},"skip":true},"50":{"start":{"line":180,"column":8},"end":{"line":189,"column":10},"skip":true},"51":{"start":{"line":187,"column":12},"end":{"line":187,"column":94},"skip":true},"52":{"start":{"line":188,"column":12},"end":{"line":188,"column":48},"skip":true},"53":{"start":{"line":192,"column":8},"end":{"line":192,"column":35},"skip":true},"54":{"start":{"line":193,"column":8},"end":{"line":193,"column":14},"skip":true}},"branchMap":{"1":{"line":25,"type":"binary-expr","locations":[{"start":{"line":25,"column":23},"end":{"line":25,"column":62}},{"start":{"line":26,"column":20},"end":{"line":26,"column":70}},{"start":{"line":27,"column":20},"end":{"line":27,"column":71}},{"start":{"line":28,"column":20},"end":{"line":28,"column":29}}]},"2":{"line":30,"type":"binary-expr","locations":[{"start":{"line":30,"column":23},"end":{"line":30,"column":37}},{"start":{"line":31,"column":20},"end":{"line":31,"column":61}},{"start":{"line":32,"column":20},"end":{"line":32,"column":70}},{"start":{"line":33,"column":20},"end":{"line":33,"column":26}}]},"3":{"line":37,"type":"cond-expr","locations":[{"start":{"line":38,"column":14},"end":{"line":38,"column":20}},{"start":{"line":39,"column":14},"end":{"line":39,"column":20}}]},"4":{"line":40,"type":"switch","locations":[{"start":{"line":42,"column":8},"end":{"line":47,"column":18}},{"start":{"line":49,"column":8},"end":{"line":52,"column":18}}]},"5":{"line":44,"type":"binary-expr","locations":[{"start":{"line":44,"column":16},"end":{"line":44,"column":44}},{"start":{"line":44,"column":48},"end":{"line":44,"column":66}}]},"6":{"line":50,"type":"binary-expr","locations":[{"start":{"line":50,"column":21},"end":{"line":50,"column":49}},{"start":{"line":50,"column":53},"end":{"line":50,"column":72}}]},"7":{"line":64,"type":"switch","locations":[{"start":{"line":69,"column":4},"end":{"line":70,"column":14}},{"start":{"line":75,"column":4},"end":{"line":76,"column":14}}]},"8":{"line":85,"type":"switch","locations":[{"start":{"line":90,"column":4},"end":{"line":105,"column":14}},{"start":{"line":111,"column":4},"end":{"line":193,"column":14},"skip":true}]},"9":{"line":91,"type":"binary-expr","locations":[{"start":{"line":91,"column":42},"end":{"line":91,"column":73}},{"start":{"line":91,"column":77},"end":{"line":99,"column":9}}]},"10":{"line":102,"type":"binary-expr","locations":[{"start":{"line":102,"column":18},"end":{"line":102,"column":32}},{"start":{"line":103,"column":12},"end":{"line":103,"column":53}},{"start":{"line":104,"column":12},"end":{"line":104,"column":61}}]},"11":{"line":112,"type":"binary-expr","locations":[{"start":{"line":112,"column":45},"end":{"line":112,"column":79},"skip":true},{"start":{"line":112,"column":83},"end":{"line":121,"column":9},"skip":true}]},"12":{"line":123,"type":"binary-expr","locations":[{"start":{"line":123,"column":42},"end":{"line":123,"column":73},"skip":true},{"start":{"line":123,"column":77},"end":{"line":136,"column":9},"skip":true}]},"13":{"line":138,"type":"binary-expr","locations":[{"start":{"line":138,"column":48},"end":{"line":138,"column":85},"skip":true},{"start":{"line":139,"column":12},"end":{"line":145,"column":13},"skip":true}]},"14":{"line":147,"type":"binary-expr","locations":[{"start":{"line":147,"column":42},"end":{"line":147,"column":73},"skip":true},{"start":{"line":147,"column":77},"end":{"line":156,"column":9},"skip":true}]},"15":{"line":158,"type":"binary-expr","locations":[{"start":{"line":158,"column":45},"end":{"line":158,"column":79},"skip":true},{"start":{"line":158,"column":83},"end":{"line":167,"column":9},"skip":true}]},"16":{"line":169,"type":"binary-expr","locations":[{"start":{"line":169,"column":43},"end":{"line":169,"column":75},"skip":true},{"start":{"line":169,"column":79},"end":{"line":178,"column":9},"skip":true}]},"17":{"line":180,"type":"binary-expr","locations":[{"start":{"line":180,"column":41},"end":{"line":180,"column":71},"skip":true},{"start":{"line":180,"column":75},"end":{"line":189,"column":9},"skip":true}]}},"code":["/* istanbul instrument in package npmtest_aerospike */","/*jslint","    bitwise: true,","    browser: true,","    maxerr: 8,","    maxlen: 96,","    node: true,","    nomen: true,","    regexp: true,","    stupid: true","*/","(function () {","    'use strict';","    var local;","","","","    // run shared js-env code - pre-init","    (function () {","        // init local","        local = {};","        // init modeJs","        local.modeJs = (function () {","            try {","                return typeof navigator.userAgent === 'string' &&","                    typeof document.querySelector('body') === 'object' &&","                    typeof XMLHttpRequest.prototype.open === 'function' &&","                    'browser';","            } catch (errorCaughtBrowser) {","                return module.exports &&","                    typeof process.versions.node === 'string' &&","                    typeof require('http').createServer === 'function' &&","                    'node';","            }","        }());","        // init global","        local.global = local.modeJs === 'browser'","            ? window","            : global;","        switch (local.modeJs) {","        // re-init local from window.local","        case 'browser':","            local = local.global.utility2.objectSetDefault(","                local.global.utility2_rollup || local.global.local,","                local.global.utility2","            );","            break;","        // re-init local from example.js","        case 'node':","            local = (local.global.utility2_rollup || require('utility2'))","                .requireReadme();","            break;","        }","        // export local","        local.global.local = local;","    }());","","","","    // run shared js-env code - function","    (function () {","        return;","    }());","    switch (local.modeJs) {","","","","    // run browser js-env code - function","    case 'browser':","        break;","","","","    // run node js-env code - function","    case 'node':","        break;","    }","","","","    // run shared js-env code - post-init","    (function () {","        return;","    }());","    switch (local.modeJs) {","","","","    // run browser js-env code - post-init","    case 'browser':","        local.testCase_browser_nullCase = local.testCase_browser_nullCase || function (","            options,","            onError","        ) {","        /*","         * this function will test browsers's null-case handling-behavior-behavior","         */","            onError(null, options);","        };","","        // run tests","        local.nop(local.modeTest &&","            document.querySelector('#testRunButton1') &&","            document.querySelector('#testRunButton1').click());","        break;","","","","    // run node js-env code - post-init","    /* istanbul ignore next */","    case 'node':","        local.testCase_buildApidoc_default = local.testCase_buildApidoc_default || function (","            options,","            onError","        ) {","        /*","         * this function will test buildApidoc's default handling-behavior-behavior","         */","            options = { modulePathList: module.paths };","            local.buildApidoc(options, onError);","        };","","        local.testCase_buildApp_default = local.testCase_buildApp_default || function (","            options,","            onError","        ) {","        /*","         * this function will test buildApp's default handling-behavior-behavior","         */","            local.testCase_buildReadme_default(options, local.onErrorThrow);","            local.testCase_buildLib_default(options, local.onErrorThrow);","            local.testCase_buildTest_default(options, local.onErrorThrow);","            local.testCase_buildCustomOrg_default(options, local.onErrorThrow);","            options = [];","            local.buildApp(options, onError);","        };","","        local.testCase_buildCustomOrg_default = local.testCase_buildCustomOrg_default ||","            function (options, onError) {","            /*","             * this function will test buildCustomOrg's default handling-behavior","             */","                options = {};","                local.buildCustomOrg(options, onError);","            };","","        local.testCase_buildLib_default = local.testCase_buildLib_default || function (","            options,","            onError","        ) {","        /*","         * this function will test buildLib's default handling-behavior","         */","            options = {};","            local.buildLib(options, onError);","        };","","        local.testCase_buildReadme_default = local.testCase_buildReadme_default || function (","            options,","            onError","        ) {","        /*","         * this function will test buildReadme's default handling-behavior-behavior","         */","            options = {};","            local.buildReadme(options, onError);","        };","","        local.testCase_buildTest_default = local.testCase_buildTest_default || function (","            options,","            onError","        ) {","        /*","         * this function will test buildTest's default handling-behavior","         */","            options = {};","            local.buildTest(options, onError);","        };","","        local.testCase_webpage_default = local.testCase_webpage_default || function (","            options,","            onError","        ) {","        /*","         * this function will test webpage's default handling-behavior","         */","            options = { modeCoverageMerge: true, url: local.serverLocalHost + '?modeTest=1' };","            local.browserTest(options, onError);","        };","","        // run test-server","        local.testRunServer(local);","        break;","    }","}());",""],"l":{"12":2,"14":2,"19":2,"21":2,"23":2,"24":2,"25":2,"30":1,"37":2,"40":2,"43":1,"47":1,"50":1,"52":1,"55":2,"61":2,"62":2,"64":2,"70":1,"76":1,"82":2,"83":2,"85":2,"91":1,"98":1,"102":1,"105":1,"112":1,"119":1,"120":1,"123":1,"130":1,"131":1,"132":1,"133":1,"134":1,"135":1,"138":1,"143":2,"144":2,"147":1,"154":2,"155":2,"158":1,"165":2,"166":2,"169":1,"176":2,"177":2,"180":1,"187":1,"188":1,"192":1,"193":1}},"/home/travis/build/npmtest/node-npmtest-aerospike/lib.npmtest_aerospike.js":{"path":"/home/travis/build/npmtest/node-npmtest-aerospike/lib.npmtest_aerospike.js","s":{"1":2,"2":2,"3":2,"4":2,"5":2,"6":2,"7":2,"8":1,"9":2,"10":2,"11":2,"12":2,"13":1,"14":1,"15":1,"16":1},"b":{"1":[2,1,1,1],"2":[1,1,1,1],"3":[1,1],"4":[2,2],"5":[1,1]},"f":{"1":2,"2":2,"3":2},"fnMap":{"1":{"name":"(anonymous_1)","line":12,"loc":{"start":{"line":12,"column":1},"end":{"line":12,"column":13}}},"2":{"name":"(anonymous_2)","line":19,"loc":{"start":{"line":19,"column":5},"end":{"line":19,"column":17}}},"3":{"name":"(anonymous_3)","line":23,"loc":{"start":{"line":23,"column":24},"end":{"line":23,"column":36}}}},"statementMap":{"1":{"start":{"line":12,"column":0},"end":{"line":53,"column":5}},"2":{"start":{"line":14,"column":4},"end":{"line":14,"column":14}},"3":{"start":{"line":19,"column":4},"end":{"line":52,"column":9}},"4":{"start":{"line":21,"column":8},"end":{"line":21,"column":19}},"5":{"start":{"line":23,"column":8},"end":{"line":35,"column":13}},"6":{"start":{"line":24,"column":12},"end":{"line":34,"column":13}},"7":{"start":{"line":25,"column":16},"end":{"line":28,"column":30}},"8":{"start":{"line":30,"column":16},"end":{"line":33,"column":27}},"9":{"start":{"line":37,"column":8},"end":{"line":39,"column":21}},"10":{"start":{"line":41,"column":8},"end":{"line":41,"column":54}},"11":{"start":{"line":43,"column":8},"end":{"line":43,"column":54}},"12":{"start":{"line":45,"column":8},"end":{"line":51,"column":9}},"13":{"start":{"line":46,"column":12},"end":{"line":46,"column":60}},"14":{"start":{"line":48,"column":12},"end":{"line":48,"column":35}},"15":{"start":{"line":49,"column":12},"end":{"line":49,"column":49}},"16":{"start":{"line":50,"column":12},"end":{"line":50,"column":43}}},"branchMap":{"1":{"line":25,"type":"binary-expr","locations":[{"start":{"line":25,"column":23},"end":{"line":25,"column":62}},{"start":{"line":26,"column":20},"end":{"line":26,"column":70}},{"start":{"line":27,"column":20},"end":{"line":27,"column":71}},{"start":{"line":28,"column":20},"end":{"line":28,"column":29}}]},"2":{"line":30,"type":"binary-expr","locations":[{"start":{"line":30,"column":23},"end":{"line":30,"column":37}},{"start":{"line":31,"column":20},"end":{"line":31,"column":61}},{"start":{"line":32,"column":20},"end":{"line":32,"column":70}},{"start":{"line":33,"column":20},"end":{"line":33,"column":26}}]},"3":{"line":37,"type":"cond-expr","locations":[{"start":{"line":38,"column":14},"end":{"line":38,"column":20}},{"start":{"line":39,"column":14},"end":{"line":39,"column":20}}]},"4":{"line":41,"type":"binary-expr","locations":[{"start":{"line":41,"column":16},"end":{"line":41,"column":44}},{"start":{"line":41,"column":48},"end":{"line":41,"column":53}}]},"5":{"line":45,"type":"if","locations":[{"start":{"line":45,"column":8},"end":{"line":45,"column":8}},{"start":{"line":45,"column":8},"end":{"line":45,"column":8}}]}},"code":["/* istanbul instrument in package npmtest_aerospike */","/*jslint","    bitwise: true,","    browser: true,","    maxerr: 8,","    maxlen: 96,","    node: true,","    nomen: true,","    regexp: true,","    stupid: true","*/","(function () {","    'use strict';","    var local;","","","","    // run shared js-env code - pre-init","    (function () {","        // init local","        local = {};","        // init modeJs","        local.modeJs = (function () {","            try {","                return typeof navigator.userAgent === 'string' &&","                    typeof document.querySelector('body') === 'object' &&","                    typeof XMLHttpRequest.prototype.open === 'function' &&","                    'browser';","            } catch (errorCaughtBrowser) {","                return module.exports &&","                    typeof process.versions.node === 'string' &&","                    typeof require('http').createServer === 'function' &&","                    'node';","            }","        }());","        // init global","        local.global = local.modeJs === 'browser'","            ? window","            : global;","        // init utility2_rollup","        local = local.global.utility2_rollup || local;","        // init lib","        local.local = local.npmtest_aerospike = local;","        // init exports","        if (local.modeJs === 'browser') {","            local.global.utility2_npmtest_aerospike = local;","        } else {","            module.exports = local;","            module.exports.__dirname = __dirname;","            module.exports.module = module;","        }","    }());","}());",""],"l":{"12":2,"14":2,"19":2,"21":2,"23":2,"24":2,"25":2,"30":1,"37":2,"41":2,"43":2,"45":2,"46":1,"48":1,"49":1,"50":1}},"/home/travis/build/npmtest/node-npmtest-aerospike/example.js":{"path":"/home/travis/build/npmtest/node-npmtest-aerospike/example.js","s":{"1":2,"2":2,"3":2,"4":2,"5":2,"6":2,"7":2,"8":1,"9":2,"10":2,"11":2,"12":2,"13":1,"14":2,"15":2,"16":2,"17":2,"18":2,"19":0,"20":2,"21":1,"22":1,"23":1,"24":1,"25":1,"26":0,"27":0,"28":1,"29":1,"30":2,"31":0,"32":0,"33":0,"34":1,"35":2,"36":2,"37":3,"38":3,"39":3,"40":3,"41":0,"42":3,"43":3,"44":3,"45":1,"46":3,"47":1,"48":1,"49":1,"50":1,"51":1,"52":1,"53":1,"54":1,"55":1,"56":1,"57":0,"58":1,"59":6,"60":6,"61":1,"62":2,"63":0,"64":2,"65":1,"66":1,"67":0,"68":0,"69":0,"70":0,"71":0,"72":0,"73":0,"74":0,"75":0,"76":0,"77":0,"78":0,"79":0,"80":0,"81":0,"82":0,"83":0},"b":{"1":[2,1,1,1],"2":[1,1,1,1],"3":[1,1],"4":[2,2],"5":[1,1],"6":[1,1],"7":[2,0],"8":[2,1,1,1,1,1],"9":[0,2,0],"10":[1,1],"11":[2,1,1],"12":[1,0],"13":[0,2],"14":[2,0,0,0,0,0,0],"15":[0,3],"16":[3,0],"17":[1,1],"18":[0,1],"19":[1,2,0,2],"20":[1,0],"21":[1,1],"22":[0,0],"23":[0,0],"24":[0,0],"25":[0,0],"26":[0,0],"27":[0,0],"28":[0,0]},"f":{"1":2,"2":2,"3":2,"4":2,"5":2,"6":2,"7":3,"8":3,"9":3,"10":1,"11":6,"12":0},"fnMap":{"1":{"name":"(anonymous_1)","line":26,"loc":{"start":{"line":26,"column":1},"end":{"line":26,"column":13}}},"2":{"name":"(anonymous_2)","line":33,"loc":{"start":{"line":33,"column":5},"end":{"line":33,"column":17}}},"3":{"name":"(anonymous_3)","line":37,"loc":{"start":{"line":37,"column":24},"end":{"line":37,"column":36}}},"4":{"name":"(anonymous_4)","line":69,"loc":{"start":{"line":69,"column":31},"end":{"line":69,"column":48}},"skip":true},"5":{"name":"(anonymous_5)","line":78,"loc":{"start":{"line":78,"column":26},"end":{"line":78,"column":45}},"skip":true},"6":{"name":"(anonymous_6)","line":123,"loc":{"start":{"line":123,"column":33},"end":{"line":123,"column":48}},"skip":true},"7":{"name":"(anonymous_7)","line":125,"loc":{"start":{"line":125,"column":27},"end":{"line":125,"column":39}},"skip":true},"8":{"name":"(anonymous_8)","line":133,"loc":{"start":{"line":133,"column":59},"end":{"line":133,"column":74}},"skip":true},"9":{"name":"(anonymous_9)","line":143,"loc":{"start":{"line":143,"column":45},"end":{"line":143,"column":62}},"skip":true},"10":{"name":"(anonymous_10)","line":144,"loc":{"start":{"line":144,"column":73},"end":{"line":144,"column":92}},"skip":true},"11":{"name":"(anonymous_11)","line":272,"loc":{"start":{"line":272,"column":51},"end":{"line":272,"column":77}},"skip":true},"12":{"name":"(anonymous_12)","line":315,"loc":{"start":{"line":315,"column":32},"end":{"line":315,"column":61}},"skip":true}},"statementMap":{"1":{"start":{"line":26,"column":0},"end":{"line":326,"column":5}},"2":{"start":{"line":28,"column":4},"end":{"line":28,"column":14}},"3":{"start":{"line":33,"column":4},"end":{"line":60,"column":9}},"4":{"start":{"line":35,"column":8},"end":{"line":35,"column":19}},"5":{"start":{"line":37,"column":8},"end":{"line":49,"column":13}},"6":{"start":{"line":38,"column":12},"end":{"line":48,"column":13}},"7":{"start":{"line":39,"column":16},"end":{"line":42,"column":30}},"8":{"start":{"line":44,"column":16},"end":{"line":47,"column":27}},"9":{"start":{"line":51,"column":8},"end":{"line":53,"column":21}},"10":{"start":{"line":55,"column":8},"end":{"line":57,"column":45}},"11":{"start":{"line":59,"column":8},"end":{"line":59,"column":35}},"12":{"start":{"line":61,"column":4},"end":{"line":325,"column":5}},"13":{"start":{"line":69,"column":8},"end":{"line":121,"column":10},"skip":true},"14":{"start":{"line":70,"column":12},"end":{"line":88,"column":13},"skip":true},"15":{"start":{"line":76,"column":16},"end":{"line":87,"column":19},"skip":true},"16":{"start":{"line":79,"column":20},"end":{"line":86,"column":21},"skip":true},"17":{"start":{"line":82,"column":24},"end":{"line":82,"column":43},"skip":true},"18":{"start":{"line":83,"column":24},"end":{"line":83,"column":30},"skip":true},"19":{"start":{"line":85,"column":24},"end":{"line":85,"column":49},"skip":true},"20":{"start":{"line":89,"column":12},"end":{"line":107,"column":13},"skip":true},"21":{"start":{"line":92,"column":16},"end":{"line":102,"column":17},"skip":true},"22":{"start":{"line":93,"column":20},"end":{"line":93,"column":86},"skip":true},"23":{"start":{"line":94,"column":20},"end":{"line":95,"column":45},"skip":true},"24":{"start":{"line":96,"column":20},"end":{"line":96,"column":42},"skip":true},"25":{"start":{"line":97,"column":20},"end":{"line":97,"column":48},"skip":true},"26":{"start":{"line":100,"column":20},"end":{"line":100,"column":85},"skip":true},"27":{"start":{"line":101,"column":20},"end":{"line":101,"column":96},"skip":true},"28":{"start":{"line":103,"column":16},"end":{"line":103,"column":22},"skip":true},"29":{"start":{"line":106,"column":16},"end":{"line":106,"column":22},"skip":true},"30":{"start":{"line":108,"column":12},"end":{"line":120,"column":13},"skip":true},"31":{"start":{"line":114,"column":16},"end":{"line":119,"column":17},"skip":true},"32":{"start":{"line":116,"column":20},"end":{"line":116,"column":78},"skip":true},"33":{"start":{"line":118,"column":20},"end":{"line":118,"column":47},"skip":true},"34":{"start":{"line":123,"column":8},"end":{"line":141,"column":11},"skip":true},"35":{"start":{"line":124,"column":12},"end":{"line":124,"column":54},"skip":true},"36":{"start":{"line":125,"column":12},"end":{"line":140,"column":14},"skip":true},"37":{"start":{"line":126,"column":16},"end":{"line":126,"column":28},"skip":true},"38":{"start":{"line":127,"column":16},"end":{"line":127,"column":69},"skip":true},"39":{"start":{"line":128,"column":16},"end":{"line":128,"column":75},"skip":true},"40":{"start":{"line":129,"column":16},"end":{"line":131,"column":17},"skip":true},"41":{"start":{"line":130,"column":20},"end":{"line":130,"column":27},"skip":true},"42":{"start":{"line":133,"column":16},"end":{"line":137,"column":36},"skip":true},"43":{"start":{"line":134,"column":20},"end":{"line":136,"column":55},"skip":true},"44":{"start":{"line":139,"column":16},"end":{"line":139,"column":57},"skip":true},"45":{"start":{"line":143,"column":8},"end":{"line":147,"column":11},"skip":true},"46":{"start":{"line":144,"column":12},"end":{"line":146,"column":15},"skip":true},"47":{"start":{"line":145,"column":16},"end":{"line":145,"column":70},"skip":true},"48":{"start":{"line":149,"column":8},"end":{"line":149,"column":31},"skip":true},"49":{"start":{"line":150,"column":8},"end":{"line":150,"column":14},"skip":true},"50":{"start":{"line":158,"column":8},"end":{"line":158,"column":31},"skip":true},"51":{"start":{"line":160,"column":8},"end":{"line":160,"column":33},"skip":true},"52":{"start":{"line":161,"column":8},"end":{"line":161,"column":37},"skip":true},"53":{"start":{"line":162,"column":8},"end":{"line":162,"column":35},"skip":true},"54":{"start":{"line":164,"column":8},"end":{"line":164,"column":50},"skip":true},"55":{"start":{"line":166,"column":8},"end":{"line":256,"column":2},"skip":true},"56":{"start":{"line":258,"column":8},"end":{"line":286,"column":9},"skip":true},"57":{"start":{"line":259,"column":12},"end":{"line":269,"column":14},"skip":true},"58":{"start":{"line":271,"column":12},"end":{"line":285,"column":19},"skip":true},"59":{"start":{"line":274,"column":20},"end":{"line":274,"column":35},"skip":true},"60":{"start":{"line":275,"column":20},"end":{"line":284,"column":21},"skip":true},"61":{"start":{"line":277,"column":24},"end":{"line":277,"column":64},"skip":true},"62":{"start":{"line":279,"column":24},"end":{"line":279,"column":40},"skip":true},"63":{"start":{"line":281,"column":24},"end":{"line":281,"column":40},"skip":true},"64":{"start":{"line":283,"column":24},"end":{"line":283,"column":39},"skip":true},"65":{"start":{"line":288,"column":8},"end":{"line":290,"column":9},"skip":true},"66":{"start":{"line":289,"column":12},"end":{"line":289,"column":18},"skip":true},"67":{"start":{"line":291,"column":8},"end":{"line":293,"column":54},"skip":true},"68":{"start":{"line":296,"column":8},"end":{"line":301,"column":37},"skip":true},"69":{"start":{"line":303,"column":8},"end":{"line":303,"column":82},"skip":true},"70":{"start":{"line":306,"column":8},"end":{"line":308,"column":9},"skip":true},"71":{"start":{"line":307,"column":12},"end":{"line":307,"column":82},"skip":true},"72":{"start":{"line":310,"column":8},"end":{"line":312,"column":9},"skip":true},"73":{"start":{"line":311,"column":12},"end":{"line":311,"column":18},"skip":true},"74":{"start":{"line":313,"column":8},"end":{"line":313,"column":54},"skip":true},"75":{"start":{"line":314,"column":8},"end":{"line":314,"column":69},"skip":true},"76":{"start":{"line":315,"column":8},"end":{"line":323,"column":36},"skip":true},"77":{"start":{"line":316,"column":12},"end":{"line":316,"column":61},"skip":true},"78":{"start":{"line":317,"column":12},"end":{"line":320,"column":13},"skip":true},"79":{"start":{"line":318,"column":16},"end":{"line":318,"column":75},"skip":true},"80":{"start":{"line":319,"column":16},"end":{"line":319,"column":23},"skip":true},"81":{"start":{"line":321,"column":12},"end":{"line":321,"column":38},"skip":true},"82":{"start":{"line":322,"column":12},"end":{"line":322,"column":27},"skip":true},"83":{"start":{"line":324,"column":8},"end":{"line":324,"column":14},"skip":true}},"branchMap":{"1":{"line":39,"type":"binary-expr","locations":[{"start":{"line":39,"column":23},"end":{"line":39,"column":62}},{"start":{"line":40,"column":20},"end":{"line":40,"column":70}},{"start":{"line":41,"column":20},"end":{"line":41,"column":71}},{"start":{"line":42,"column":20},"end":{"line":42,"column":29}}]},"2":{"line":44,"type":"binary-expr","locations":[{"start":{"line":44,"column":23},"end":{"line":44,"column":37}},{"start":{"line":45,"column":20},"end":{"line":45,"column":61}},{"start":{"line":46,"column":20},"end":{"line":46,"column":70}},{"start":{"line":47,"column":20},"end":{"line":47,"column":26}}]},"3":{"line":51,"type":"cond-expr","locations":[{"start":{"line":52,"column":14},"end":{"line":52,"column":20}},{"start":{"line":53,"column":14},"end":{"line":53,"column":20}}]},"4":{"line":55,"type":"binary-expr","locations":[{"start":{"line":55,"column":16},"end":{"line":55,"column":44}},{"start":{"line":55,"column":49},"end":{"line":57,"column":43}}]},"5":{"line":55,"type":"cond-expr","locations":[{"start":{"line":56,"column":14},"end":{"line":56,"column":53}},{"start":{"line":57,"column":14},"end":{"line":57,"column":43}}]},"6":{"line":61,"type":"switch","locations":[{"start":{"line":68,"column":4},"end":{"line":150,"column":14},"skip":true},{"start":{"line":156,"column":4},"end":{"line":324,"column":14},"skip":true}]},"7":{"line":70,"type":"if","locations":[{"start":{"line":70,"column":12},"end":{"line":70,"column":12},"skip":true},{"start":{"line":70,"column":12},"end":{"line":70,"column":12},"skip":true}]},"8":{"line":70,"type":"binary-expr","locations":[{"start":{"line":70,"column":16},"end":{"line":70,"column":22},"skip":true},{"start":{"line":70,"column":27},"end":{"line":70,"column":32},"skip":true},{"start":{"line":71,"column":20},"end":{"line":71,"column":39},"skip":true},{"start":{"line":72,"column":20},"end":{"line":72,"column":49},"skip":true},{"start":{"line":73,"column":20},"end":{"line":73,"column":58},"skip":true},{"start":{"line":74,"column":20},"end":{"line":74,"column":69},"skip":true}]},"9":{"line":79,"type":"switch","locations":[{"start":{"line":80,"column":20},"end":{"line":80,"column":33},"skip":true},{"start":{"line":81,"column":20},"end":{"line":83,"column":30},"skip":true},{"start":{"line":84,"column":20},"end":{"line":85,"column":49},"skip":true}]},"10":{"line":89,"type":"switch","locations":[{"start":{"line":90,"column":12},"end":{"line":103,"column":22},"skip":true},{"start":{"line":105,"column":12},"end":{"line":106,"column":22},"skip":true}]},"11":{"line":89,"type":"binary-expr","locations":[{"start":{"line":89,"column":20},"end":{"line":89,"column":25},"skip":true},{"start":{"line":89,"column":29},"end":{"line":89,"column":48},"skip":true},{"start":{"line":89,"column":52},"end":{"line":89,"column":74},"skip":true}]},"12":{"line":92,"type":"if","locations":[{"start":{"line":92,"column":16},"end":{"line":92,"column":16},"skip":true},{"start":{"line":92,"column":16},"end":{"line":92,"column":16},"skip":true}]},"13":{"line":108,"type":"if","locations":[{"start":{"line":108,"column":12},"end":{"line":108,"column":12},"skip":true},{"start":{"line":108,"column":12},"end":{"line":108,"column":12},"skip":true}]},"14":{"line":108,"type":"binary-expr","locations":[{"start":{"line":108,"column":16},"end":{"line":108,"column":61},"skip":true},{"start":{"line":108,"column":66},"end":{"line":108,"column":72},"skip":true},{"start":{"line":108,"column":77},"end":{"line":108,"column":82},"skip":true},{"start":{"line":109,"column":20},"end":{"line":109,"column":39},"skip":true},{"start":{"line":110,"column":20},"end":{"line":110,"column":49},"skip":true},{"start":{"line":111,"column":20},"end":{"line":111,"column":58},"skip":true},{"start":{"line":112,"column":20},"end":{"line":112,"column":68},"skip":true}]},"15":{"line":129,"type":"if","locations":[{"start":{"line":129,"column":16},"end":{"line":129,"column":16},"skip":true},{"start":{"line":129,"column":16},"end":{"line":129,"column":16},"skip":true}]},"16":{"line":134,"type":"cond-expr","locations":[{"start":{"line":135,"column":26},"end":{"line":135,"column":29},"skip":true},{"start":{"line":136,"column":26},"end":{"line":136,"column":54},"skip":true}]},"17":{"line":164,"type":"binary-expr","locations":[{"start":{"line":164,"column":27},"end":{"line":164,"column":43},"skip":true},{"start":{"line":164,"column":47},"end":{"line":164,"column":49},"skip":true}]},"18":{"line":258,"type":"if","locations":[{"start":{"line":258,"column":8},"end":{"line":258,"column":8},"skip":true},{"start":{"line":258,"column":8},"end":{"line":258,"column":8},"skip":true}]},"19":{"line":275,"type":"switch","locations":[{"start":{"line":276,"column":20},"end":{"line":277,"column":64},"skip":true},{"start":{"line":278,"column":20},"end":{"line":279,"column":40},"skip":true},{"start":{"line":280,"column":20},"end":{"line":281,"column":40},"skip":true},{"start":{"line":282,"column":20},"end":{"line":283,"column":39},"skip":true}]},"20":{"line":288,"type":"if","locations":[{"start":{"line":288,"column":8},"end":{"line":288,"column":8},"skip":true},{"start":{"line":288,"column":8},"end":{"line":288,"column":8},"skip":true}]},"21":{"line":288,"type":"binary-expr","locations":[{"start":{"line":288,"column":12},"end":{"line":288,"column":40},"skip":true},{"start":{"line":288,"column":44},"end":{"line":288,"column":67},"skip":true}]},"22":{"line":292,"type":"binary-expr","locations":[{"start":{"line":292,"column":12},"end":{"line":292,"column":50},"skip":true},{"start":{"line":293,"column":12},"end":{"line":293,"column":53},"skip":true}]},"23":{"line":297,"type":"binary-expr","locations":[{"start":{"line":297,"column":12},"end":{"line":297,"column":67},"skip":true},{"start":{"line":298,"column":12},"end":{"line":301,"column":36},"skip":true}]},"24":{"line":303,"type":"binary-expr","locations":[{"start":{"line":303,"column":43},"end":{"line":303,"column":75},"skip":true},{"start":{"line":303,"column":79},"end":{"line":303,"column":81},"skip":true}]},"25":{"line":306,"type":"if","locations":[{"start":{"line":306,"column":8},"end":{"line":306,"column":8},"skip":true},{"start":{"line":306,"column":8},"end":{"line":306,"column":8},"skip":true}]},"26":{"line":310,"type":"if","locations":[{"start":{"line":310,"column":8},"end":{"line":310,"column":8},"skip":true},{"start":{"line":310,"column":8},"end":{"line":310,"column":8},"skip":true}]},"27":{"line":313,"type":"binary-expr","locations":[{"start":{"line":313,"column":27},"end":{"line":313,"column":43},"skip":true},{"start":{"line":313,"column":47},"end":{"line":313,"column":53},"skip":true}]},"28":{"line":317,"type":"if","locations":[{"start":{"line":317,"column":12},"end":{"line":317,"column":12},"skip":true},{"start":{"line":317,"column":12},"end":{"line":317,"column":12},"skip":true}]}},"code":["/*","example.js","","quickstart example","","instruction","    1. save this script as example.js","    2. run the shell command:","        $ npm install npmtest-aerospike && PORT=8081 node example.js","    3. play with the browser-demo on http://127.0.0.1:8081","*/","","","","/* istanbul instrument in package npmtest_aerospike */","/*jslint","    bitwise: true,","    browser: true,","    maxerr: 8,","    maxlen: 96,","    node: true,","    nomen: true,","    regexp: true,","    stupid: true","*/","(function () {","    'use strict';","    var local;","","","","    // run shared js-env code - pre-init","    (function () {","        // init local","        local = {};","        // init modeJs","        local.modeJs = (function () {","            try {","                return typeof navigator.userAgent === 'string' &&","                    typeof document.querySelector('body') === 'object' &&","                    typeof XMLHttpRequest.prototype.open === 'function' &&","                    'browser';","            } catch (errorCaughtBrowser) {","                return module.exports &&","                    typeof process.versions.node === 'string' &&","                    typeof require('http').createServer === 'function' &&","                    'node';","            }","        }());","        // init global","        local.global = local.modeJs === 'browser'","            ? window","            : global;","        // init utility2_rollup","        local = local.global.utility2_rollup || (local.modeJs === 'browser'","            ? local.global.utility2_npmtest_aerospike","            : global.utility2_moduleExports);","        // export local","        local.global.local = local;","    }());","    switch (local.modeJs) {","","","","    // post-init","    // run browser js-env code - post-init","    /* istanbul ignore next */","    case 'browser':","        local.testRunBrowser = function (event) {","            if (!event || (event &&","                    event.currentTarget &&","                    event.currentTarget.className &&","                    event.currentTarget.className.includes &&","                    event.currentTarget.className.includes('onreset'))) {","                // reset output","                Array.from(","                    document.querySelectorAll('body > .resettable')","                ).forEach(function (element) {","                    switch (element.tagName) {","                    case 'INPUT':","                    case 'TEXTAREA':","                        element.value = '';","                        break;","                    default:","                        element.textContent = '';","                    }","                });","            }","            switch (event && event.currentTarget && event.currentTarget.id) {","            case 'testRunButton1':","                // show tests","                if (document.querySelector('#testReportDiv1').style.display === 'none') {","                    document.querySelector('#testReportDiv1').style.display = 'block';","                    document.querySelector('#testRunButton1').textContent =","                        'hide internal test';","                    local.modeTest = true;","                    local.testRunDefault(local);","                // hide tests","                } else {","                    document.querySelector('#testReportDiv1').style.display = 'none';","                    document.querySelector('#testRunButton1').textContent = 'run internal test';","                }","                break;","            // custom-case","            default:","                break;","            }","            if (document.querySelector('#inputTextareaEval1') && (!event || (event &&","                    event.currentTarget &&","                    event.currentTarget.className &&","                    event.currentTarget.className.includes &&","                    event.currentTarget.className.includes('oneval')))) {","                // try to eval input-code","                try {","                    /*jslint evil: true*/","                    eval(document.querySelector('#inputTextareaEval1').value);","                } catch (errorCaught) {","                    console.error(errorCaught);","                }","            }","        };","        // log stderr and stdout to #outputTextareaStdout1","        ['error', 'log'].forEach(function (key) {","            console[key + '_original'] = console[key];","            console[key] = function () {","                var element;","                console[key + '_original'].apply(console, arguments);","                element = document.querySelector('#outputTextareaStdout1');","                if (!element) {","                    return;","                }","                // append text to #outputTextareaStdout1","                element.value += Array.from(arguments).map(function (arg) {","                    return typeof arg === 'string'","                        ? arg","                        : JSON.stringify(arg, null, 4);","                }).join(' ') + '\\n';","                // scroll textarea to bottom","                element.scrollTop = element.scrollHeight;","            };","        });","        // init event-handling","        ['change', 'click', 'keyup'].forEach(function (event) {","            Array.from(document.querySelectorAll('.on' + event)).forEach(function (element) {","                element.addEventListener(event, local.testRunBrowser);","            });","        });","        // run tests","        local.testRunBrowser();","        break;","","","","    // run node js-env code - post-init","    /* istanbul ignore next */","    case 'node':","        // export local","        module.exports = local;","        // require modules","        local.fs = require('fs');","        local.http = require('http');","        local.url = require('url');","        // init assets","        local.assetsDict = local.assetsDict || {};","        /* jslint-ignore-begin */","        local.assetsDict['/assets.index.template.html'] = '\\","<!doctype html>\\n\\","<html lang=\"en\">\\n\\","<head>\\n\\","<meta charset=\"UTF-8\">\\n\\","<meta name=\"viewport\" content=\"width=device-width, initial-scale=1\">\\n\\","<title>{{env.npm_package_name}} (v{{env.npm_package_version}})</title>\\n\\","<style>\\n\\","/*csslint\\n\\","    box-sizing: false,\\n\\","    universal-selector: false\\n\\","*/\\n\\","* {\\n\\","    box-sizing: border-box;\\n\\","}\\n\\","body {\\n\\","    background: #dde;\\n\\","    font-family: Arial, Helvetica, sans-serif;\\n\\","    margin: 2rem;\\n\\","}\\n\\","body > * {\\n\\","    margin-bottom: 1rem;\\n\\","}\\n\\",".utility2FooterDiv {\\n\\","    margin-top: 20px;\\n\\","    text-align: center;\\n\\","}\\n\\","</style>\\n\\","<style>\\n\\","/*csslint\\n\\","*/\\n\\","textarea {\\n\\","    font-family: monospace;\\n\\","    height: 10rem;\\n\\","    width: 100%;\\n\\","}\\n\\","textarea[readonly] {\\n\\","    background: #ddd;\\n\\","}\\n\\","</style>\\n\\","</head>\\n\\","<body>\\n\\","<!-- utility2-comment\\n\\","<div id=\"ajaxProgressDiv1\" style=\"background: #d00; height: 2px; left: 0; margin: 0; padding: 0; position: fixed; top: 0; transition: background 0.5s, width 1.5s; width: 25%;\"></div>\\n\\","utility2-comment -->\\n\\","<h1>\\n\\","<!-- utility2-comment\\n\\","    <a\\n\\","        {{#if env.npm_package_homepage}}\\n\\","        href=\"{{env.npm_package_homepage}}\"\\n\\","        {{/if env.npm_package_homepage}}\\n\\","        target=\"_blank\"\\n\\","    >\\n\\","utility2-comment -->\\n\\","        {{env.npm_package_name}} (v{{env.npm_package_version}})\\n\\","<!-- utility2-comment\\n\\","    </a>\\n\\","utility2-comment -->\\n\\","</h1>\\n\\","<h3>{{env.npm_package_description}}</h3>\\n\\","<!-- utility2-comment\\n\\","<h4><a download href=\"assets.app.js\">download standalone app</a></h4>\\n\\","<button class=\"onclick onreset\" id=\"testRunButton1\">run internal test</button><br>\\n\\","<div id=\"testReportDiv1\" style=\"display: none;\"></div>\\n\\","utility2-comment -->\\n\\","\\n\\","\\n\\","\\n\\","<label>stderr and stdout</label>\\n\\","<textarea class=\"resettable\" id=\"outputTextareaStdout1\" readonly></textarea>\\n\\","<!-- utility2-comment\\n\\","{{#if isRollup}}\\n\\","<script src=\"assets.app.js\"></script>\\n\\","{{#unless isRollup}}\\n\\","utility2-comment -->\\n\\","<script src=\"assets.utility2.rollup.js\"></script>\\n\\","<script src=\"jsonp.utility2._stateInit?callback=window.utility2._stateInit\"></script>\\n\\","<script src=\"assets.npmtest_aerospike.rollup.js\"></script>\\n\\","<script src=\"assets.example.js\"></script>\\n\\","<script src=\"assets.test.js\"></script>\\n\\","<!-- utility2-comment\\n\\","{{/if isRollup}}\\n\\","utility2-comment -->\\n\\","<div class=\"utility2FooterDiv\">\\n\\","    [ this app was created with\\n\\","    <a href=\"https://github.com/kaizhu256/node-utility2\" target=\"_blank\">utility2</a>\\n\\","    ]\\n\\","</div>\\n\\","</body>\\n\\","</html>\\n\\","';","        /* jslint-ignore-end */","        if (local.templateRender) {","            local.assetsDict['/'] = local.templateRender(","                local.assetsDict['/assets.index.template.html'],","                {","                    env: local.objectSetDefault(local.env, {","                        npm_package_description: 'the greatest app in the world!',","                        npm_package_name: 'my-app',","                        npm_package_nameAlias: 'my_app',","                        npm_package_version: '0.0.1'","                    })","                }","            );","        } else {","            local.assetsDict['/'] = local.assetsDict['/assets.index.template.html']","                .replace((/\\{\\{env\\.(\\w+?)\\}\\}/g), function (match0, match1) {","                    // jslint-hack","                    String(match0);","                    switch (match1) {","                    case 'npm_package_description':","                        return 'the greatest app in the world!';","                    case 'npm_package_name':","                        return 'my-app';","                    case 'npm_package_nameAlias':","                        return 'my_app';","                    case 'npm_package_version':","                        return '0.0.1';","                    }","                });","        }","        // run the cli","        if (local.global.utility2_rollup || module !== require.main) {","            break;","        }","        local.assetsDict['/assets.example.js'] =","            local.assetsDict['/assets.example.js'] ||","            local.fs.readFileSync(__filename, 'utf8');","        // bug-workaround - long $npm_package_buildCustomOrg","        /* jslint-ignore-begin */","        local.assetsDict['/assets.npmtest_aerospike.rollup.js'] =","            local.assetsDict['/assets.npmtest_aerospike.rollup.js'] ||","            local.fs.readFileSync(","                local.npmtest_aerospike.__dirname + '/lib.npmtest_aerospike.js',","                'utf8'","            ).replace((/^#!/), '//');","        /* jslint-ignore-end */","        local.assetsDict['/favicon.ico'] = local.assetsDict['/favicon.ico'] || '';","        // if $npm_config_timeout_exit exists,","        // then exit this process after $npm_config_timeout_exit ms","        if (Number(process.env.npm_config_timeout_exit)) {","            setTimeout(process.exit, Number(process.env.npm_config_timeout_exit));","        }","        // start server","        if (local.global.utility2_serverHttp1) {","            break;","        }","        process.env.PORT = process.env.PORT || '8081';","        console.error('server starting on port ' + process.env.PORT);","        local.http.createServer(function (request, response) {","            request.urlParsed = local.url.parse(request.url);","            if (local.assetsDict[request.urlParsed.pathname] !== undefined) {","                response.end(local.assetsDict[request.urlParsed.pathname]);","                return;","            }","            response.statusCode = 404;","            response.end();","        }).listen(process.env.PORT);","        break;","    }","}());",""],"l":{"26":2,"28":2,"33":2,"35":2,"37":2,"38":2,"39":2,"44":1,"51":2,"55":2,"59":2,"61":2,"69":1,"70":2,"76":2,"79":2,"82":2,"83":2,"85":1,"89":2,"92":1,"93":1,"94":1,"96":1,"97":1,"100":1,"101":1,"103":1,"106":1,"108":2,"114":1,"116":1,"118":1,"123":1,"124":2,"125":2,"126":3,"127":3,"128":3,"129":3,"130":1,"133":3,"134":3,"139":3,"143":1,"144":3,"145":1,"149":1,"150":1,"158":1,"160":1,"161":1,"162":1,"164":1,"166":1,"258":1,"259":1,"271":1,"274":6,"275":6,"277":1,"279":2,"281":1,"283":2,"288":1,"289":1,"291":1,"296":1,"303":1,"306":1,"307":1,"310":1,"311":1,"313":1,"314":1,"315":1,"316":1,"317":1,"318":1,"319":1,"321":1,"322":1,"324":1}},"/home/travis/build/npmtest/node-npmtest-aerospike/node_modules/aerospike/lib/aerospike.js":{"path":"/home/travis/build/npmtest/node-npmtest-aerospike/node_modules/aerospike/lib/aerospike.js","s":{"1":1,"2":1,"3":1,"4":1,"5":1,"6":1,"7":1,"8":1,"9":1,"10":1,"11":1,"12":1,"13":1,"14":1,"15":3,"16":1,"17":0,"18":1,"19":0,"20":0,"21":0,"22":0,"23":0,"24":0,"25":1,"26":0,"27":1,"28":1,"29":1,"30":1,"31":1,"32":1,"33":1,"34":1,"35":1,"36":1,"37":1,"38":1,"39":1,"40":1,"41":1,"42":1,"43":1,"44":1,"45":6,"46":1,"47":14,"48":14,"49":1,"50":1,"51":1,"52":1,"53":1,"54":1,"55":1,"56":1,"57":1,"58":1,"59":1,"60":1},"b":{"1":[0,0]},"f":{"1":3,"2":0,"3":0,"4":0,"5":1,"6":6,"7":14},"fnMap":{"1":{"name":"(anonymous_1)","line":125,"loc":{"start":{"line":125,"column":29},"end":{"line":125,"column":44}}},"2":{"name":"client","line":136,"loc":{"start":{"line":136,"column":0},"end":{"line":136,"column":25}}},"3":{"name":"connect","line":148,"loc":{"start":{"line":148,"column":0},"end":{"line":148,"column":36}}},"4":{"name":"key","line":173,"loc":{"start":{"line":173,"column":0},"end":{"line":173,"column":28}}},"5":{"name":"Aerospike","line":177,"loc":{"start":{"line":177,"column":0},"end":{"line":177,"column":22}}},"6":{"name":"(anonymous_6)","line":204,"loc":{"start":{"line":204,"column":34},"end":{"line":204,"column":49}}},"7":{"name":"(anonymous_7)","line":207,"loc":{"start":{"line":207,"column":29},"end":{"line":207,"column":44}}}},"statementMap":{"1":{"start":{"line":109,"column":0},"end":{"line":109,"column":53}},"2":{"start":{"line":111,"column":0},"end":{"line":111,"column":51}},"3":{"start":{"line":112,"column":0},"end":{"line":112,"column":34}},"4":{"start":{"line":113,"column":0},"end":{"line":113,"column":34}},"5":{"start":{"line":114,"column":0},"end":{"line":114,"column":36}},"6":{"start":{"line":115,"column":0},"end":{"line":115,"column":28}},"7":{"start":{"line":116,"column":0},"end":{"line":116,"column":43}},"8":{"start":{"line":117,"column":0},"end":{"line":117,"column":34}},"9":{"start":{"line":118,"column":0},"end":{"line":118,"column":30}},"10":{"start":{"line":119,"column":0},"end":{"line":119,"column":32}},"11":{"start":{"line":120,"column":0},"end":{"line":120,"column":30}},"12":{"start":{"line":121,"column":0},"end":{"line":121,"column":42}},"13":{"start":{"line":122,"column":0},"end":{"line":122,"column":32}},"14":{"start":{"line":125,"column":0},"end":{"line":127,"column":2}},"15":{"start":{"line":126,"column":2},"end":{"line":126,"column":26}},"16":{"start":{"line":136,"column":0},"end":{"line":138,"column":1}},"17":{"start":{"line":137,"column":2},"end":{"line":137,"column":27}},"18":{"start":{"line":148,"column":0},"end":{"line":156,"column":1}},"19":{"start":{"line":149,"column":2},"end":{"line":152,"column":3}},"20":{"start":{"line":150,"column":4},"end":{"line":150,"column":21}},"21":{"start":{"line":151,"column":4},"end":{"line":151,"column":17}},"22":{"start":{"line":153,"column":2},"end":{"line":153,"column":34}},"23":{"start":{"line":154,"column":2},"end":{"line":154,"column":26}},"24":{"start":{"line":155,"column":2},"end":{"line":155,"column":15}},"25":{"start":{"line":173,"column":0},"end":{"line":175,"column":1}},"26":{"start":{"line":174,"column":2},"end":{"line":174,"column":30}},"27":{"start":{"line":177,"column":0},"end":{"line":609,"column":1}},"28":{"start":{"line":179,"column":2},"end":{"line":179,"column":22}},"29":{"start":{"line":180,"column":2},"end":{"line":180,"column":38}},"30":{"start":{"line":181,"column":2},"end":{"line":181,"column":22}},"31":{"start":{"line":182,"column":2},"end":{"line":182,"column":24}},"32":{"start":{"line":183,"column":2},"end":{"line":183,"column":16}},"33":{"start":{"line":186,"column":2},"end":{"line":186,"column":22}},"34":{"start":{"line":187,"column":2},"end":{"line":187,"column":24}},"35":{"start":{"line":188,"column":2},"end":{"line":188,"column":16}},"36":{"start":{"line":189,"column":2},"end":{"line":189,"column":26}},"37":{"start":{"line":191,"column":2},"end":{"line":191,"column":54}},"38":{"start":{"line":194,"column":2},"end":{"line":194,"column":22}},"39":{"start":{"line":195,"column":2},"end":{"line":195,"column":18}},"40":{"start":{"line":196,"column":2},"end":{"line":196,"column":20}},"41":{"start":{"line":197,"column":2},"end":{"line":197,"column":18}},"42":{"start":{"line":198,"column":2},"end":{"line":198,"column":30}},"43":{"start":{"line":203,"column":2},"end":{"line":203,"column":19}},"44":{"start":{"line":204,"column":2},"end":{"line":206,"column":4}},"45":{"start":{"line":205,"column":4},"end":{"line":205,"column":35}},"46":{"start":{"line":207,"column":2},"end":{"line":210,"column":4}},"47":{"start":{"line":208,"column":4},"end":{"line":208,"column":73}},"48":{"start":{"line":209,"column":4},"end":{"line":209,"column":34}},"49":{"start":{"line":211,"column":2},"end":{"line":211,"column":26}},"50":{"start":{"line":224,"column":2},"end":{"line":224,"column":29}},"51":{"start":{"line":257,"column":2},"end":{"line":257,"column":19}},"52":{"start":{"line":371,"column":2},"end":{"line":371,"column":25}},"53":{"start":{"line":412,"column":2},"end":{"line":412,"column":19}},"54":{"start":{"line":418,"column":2},"end":{"line":418,"column":33}},"55":{"start":{"line":434,"column":2},"end":{"line":434,"column":31}},"56":{"start":{"line":451,"column":2},"end":{"line":451,"column":37}},"57":{"start":{"line":466,"column":2},"end":{"line":466,"column":39}},"58":{"start":{"line":491,"column":2},"end":{"line":491,"column":31}},"59":{"start":{"line":608,"column":2},"end":{"line":608,"column":25}},"60":{"start":{"line":610,"column":0},"end":{"line":610,"column":32}}},"branchMap":{"1":{"line":149,"type":"if","locations":[{"start":{"line":149,"column":2},"end":{"line":149,"column":2}},{"start":{"line":149,"column":2},"end":{"line":149,"column":2}}]}},"code":["// *****************************************************************************","// Copyright 2013-2017 Aerospike, Inc.","//","// Licensed under the Apache License, Version 2.0 (the \"License\")","// you may not use this file except in compliance with the License.","// You may obtain a copy of the License at","//","//     http://www.apache.org/licenses/LICENSE-2.0","//","// Unless required by applicable law or agreed to in writing, software","// distributed under the License is distributed on an \"AS IS\" BASIS,","// WITHOUT WARRANTIES OR CONDITIONS OF ANY KIND, either express or implied.","// See the License for the specific language governing permissions and","// limitations under the License.","// *****************************************************************************","","/**"," * @module aerospike"," *"," * @description The Aerospike module is the main entry point for the Aerospike"," * Node.js Client API. It provides methods for creating new client instances"," * that connect to a specific Aerospike server cluster."," *"," * # Data Model"," *"," * ## Record"," *"," * A record is how the data is represented and stored in the database. A record"," * is represented as an object. The keys of the object are the names of the fields"," * (bins) of a record. The values for each field can either be Number, String,"," * Array, Buffer or an Object itself. Aerospike supports integer, double,"," * string, bytes, array and map data types."," *"," * Note: Array can contain an array or an object as a value in it. Similarly"," * the object can contain an array or an object as a value in it. Essentially"," * nesting of arrays in an object, and nesting of objects in an array is"," * allowed."," *"," * Example of a record with 5 fields:"," *"," * ```js"," * var record = {"," *   int_bin: 123,"," *   str_bin: 'xyz',"," *   buff_bin: new Buffer('hello world!'),"," *   arr_bin: [1, 2, 3],"," *   obj_bin: {num: 123, str: 'abc', buff: new Buffer([0xa, 0xb, 0xc])}"," * }"," * ```"," *"," * ### Unsupported Data Types"," *"," * Aerospike does currently not support a boolean data type. To store boolean"," * values in the database the application needs to convert them to a supported"," * data type as the client does not do any automatica data type conversions."," * Attempting to store a boolean value in a record bin will lead to a parameter"," * error being returned by the client."," *"," * ## Metadata"," *"," * Some operations allow you to provide metadata with a record, including:"," *"," * - `gen` – (optional) The generation (version) of the record. Must be an Integer."," * - `ttl` – (optional) The time-to-live in seconds (expiration) of the record."," *   Must be an Integer. There are a few \"special\" TTL values which are defined"," *   under the {@link module:aerospike.ttl|ttl} property on the aerospike module."," *"," * Example:"," *"," * ```js"," * var metadata = {"," *   gen: 1,"," *   ttl: 6000"," * }"," * ```"," *"," * @example"," *"," * const Aerospike = require('aerospike')"," * const Key = Aerospike.Key"," *"," * const config = {"," *   hosts: '192.168.0.1:3000',"," *   policies: {"," *     timeout: 50"," *   }"," * }"," *"," * Aerospike.connect(config, (error, client) => {"," *   if (error) throw error"," *   var key = new Key('test', 'demo', 'key1')"," *   client.get(key, (error, record, meta) => {"," *     if (error) {"," *       switch (error.code) {"," *         case Aerospike.status.AEROSPIKE_ERR_RECORD_NOT_FOUND:"," *           console.error('record ' + key.key + ' does not exist')"," *           break;"," *         default:"," *           throw error"," *       }"," *     } else {"," *       console.log(record, meta)"," *     }"," *     client.close()"," *   })"," * })"," */","","const as = require('../build/Release/aerospike.node')","","const AerospikeError = require('./aerospike_error')","const Client = require('./client')","const Double = require('./double')","const GeoJSON = require('./geojson')","const Key = require('./key')","const asEventLoop = require('./event_loop')","const filter = require('./filter')","const info = require('./info')","const lists = require('./lists')","const maps = require('./maps')","const operations = require('./operations')","const utils = require('./utils')","","// copy maps related enums into maps module","Object.keys(as.maps).forEach(function (key) {","  maps[key] = as.maps[key]","})","","/**"," * @function module:aerospike.client"," *"," * @summary Creates a new {@link Client} instance."," *"," * @param {Config} config - The configuration for the client."," */","function client (config) {","  return new Client(config)","}","","/**"," * @function module:aerospike.connect"," *"," * @summary Creates a new {@link Client} instance and connects to the Aerospike cluster."," *"," * @param {Config} [config] - The configuration for the client."," * @param {Client~connectCallback} callback - The funcation to call, once the client is connected to the cluster successfully."," */","function connect (config, callback) {","  if (typeof config === 'function') {","    callback = config","    config = null","  }","  var client = this.client(config)","  client.connect(callback)","  return client","}","","/**"," * @function module:aerospike.key"," *"," * @summary Creates a new {@link Key} instance."," *"," * @description Provided for backward compatibility. Use the {@link Key} class"," * constructor instead."," *"," * @param {string} ns - The Namespace to which the key belongs."," * @param {string} set - The Set to which the key belongs."," * @param {(string|number|Buffer)} value - The unique key value. Keys can be"," * strings, integers or an instance of the Buffer class."," *"," * @deprecated in v2.0"," */","function key (ns, set, key) {","  return new Key(ns, set, key)","}","","function Aerospike () {","  // classes && data types","  this.Client = Client","  this.AerospikeError = AerospikeError","  this.Double = Double","  this.GeoJSON = GeoJSON","  this.Key = Key","","  // top-level methods exposed through Aerospike module","  this.client = client","  this.connect = connect","  this.key = key","  this.print = utils.print","","  this.releaseEventLoop = asEventLoop.releaseEventLoop","","  // other commands contained in sub-modules","  this.filter = filter","  this.info = info","  this.lists = lists","  this.maps = maps","  this.operations = operations","","  // Include both scalar and list operations in the Aerospike.operator","  // namespace for backwards compatibility. Aerospike.operator is deprecated","  // and will be removed in the next major release.","  var operator = {}","  Object.keys(operations).forEach(function (key) {","    operator[key] = operations[key]","  })","  Object.keys(lists).forEach(function (key) {","    var listKey = 'list' + key.substr(0, 1).toUpperCase() + key.substr(1)","    operator[listKey] = lists[key]","  })","  this.operator = operator","","  // enums imported from C client library","","  /**","   * Enumeration of UDF types.","   *","   * @member {Object} language","   * @readonly","   * @static","   *","   * @property LUA - Lua (only supported UDF type at the moment)","   */","  this.language = as.language","","  /**","   * Enumeration of log levels","   *","   * @member {Object} log","   * @readonly","   * @static","   *","   * @example","   *","   * const Aerospike = require('aerospike')","   *","   * var config = {","   *   log: { level: Aerospike.log.INFO }","   * }","   * Aerospike.connect(config, (error, client) => {","   *   if (error) throw error","   *","   *   var key = new Aerospike.Key('test', 'demo', 'k1')","   *   client.get(key, (error, record) => {","   *     if (error) throw error","   *     console.info(record)","   *     client.close()","   *   })","   * })","   *","   * @property OFF","   * @property ERROR","   * @property WARN","   * @property DEBUG","   * @property DETAIL","   */","  this.log = as.log","","  /**","   * Enumeration of policy values.","   *","   * @member {Object} policy","   * @readonly","   * @static","   *","   * @example","   *","   * const Aerospike = require('aerospike')","   *","   * // global policy, applied to all commands that do not override it","   * var config = {","   *   policies: {","   *     timeout: 100,","   *     retry: Aerospike.policy.retry.ONCE","   *   }","   * }","   *","   * Aerospike.connect(config, (error, client) => {","   *   if (error) throw error","   *","   *   var key = new Aerospike.Key('test', 'demo', 'k1')","   *   var record = {i: 1234}","   *","   *   // override policy for put command","   *   var policy = {","   *     exists: Aerospike.policy.exists.CREATE,","   *     key: Aerospike.policy.key.SEND","   *   }","   *","   *   client.put(key, record, {}, policy, (error) => {","   *     if (error && error.code === Aerospike.status.AEROSPIKE_ERR_RECORD_EXISTS) {","   *       console.info('record already exists')","   *     } else if (error) {","   *       throw error","   *     }","   *     client.close()","   *   })","   * })","   *","   * @property {object} retry - Retry Policy - Specifies the behavior of failed","   * operations. **Important**: Single key read/write commands, the","   * batch read command and query/scan commands **do not follow** the retry","   * policy. Retry policy is deprecated in v2.4 and will be removed","   * in a future version.","   *","   * @property retry.NONE - Only attempt an operation once.","   * @property retry.ONCE - If an operation fails, attempt the operation one","   * more time.","   *","   * @property {object} gen - Generation Policy - Specifies the behavior of","   * record modifications with regard to the generation value.","   *","   * @property gen.IGNORE - Write a record, regardless of generation.","   * @property gen.EQ - Write a record, ONLY if generations are equal.","   * @property gen.GT - Write a record, ONLY if local generation is greater than","   * remote generation.","   *","   * @property {object} key - Key Policy - Specifies the behavior for whether","   * keys or digests should be sent to the cluster.","   *","   * @property key.DIGEST - Send the digest value of the key. This is the","   * recommended mode of operation. This calculates the digest and sends the","   * digest to the server. The digest is only calculated on the client, and not","   * the server.","   *","   * @property key.SEND - Send the key, in addition to the digest value. If you","   * want keys to be returned when scanning or querying, the keys must be","   * stored on the server. This policy causes a write operation to store the","   * key. Once the key is stored, the server will keep it - there is no need to","   * use this policy on subsequent updates of the record. If this policy is","   * used on read or delete operations, or on subsequent updates of a record","   * with a stored key, the key sent will be compared with the key stored on","  * the server. A mismatch will cause","  * <code>AEROSPIKE_ERR_RECORD_KEY_MISMATCH</code> to be returned.","   *","   * @property {object} exists - Existence Policy - Specifies the behavior for","   * writing the record depending whether or not it exists.","   *","   * @property exists.IGNORE - Write the record, regardless of existence.","   * (I.e. create or update.)","   * @property exists.CREATE - Create a record, ONLY if it doesn't exist.","   * @property exists.UPDATE - Update a record, ONLY if it exists.","   * @property exists.REPLACE - Completely replace a record, ONLY if it exists.","   * @property exists.CREATE_OR_REPLACE - Completely replace a record if it","   * exists, otherwise create it.","   *","   * @property {object} replica - Specifies which partition replica to read from.","   *","   * @property replica.MASTER - Read from the partition master replica node.","   * @property replica.ANY - Distribute reads across nodes containing key's","   * master and replicated partition in round-robin fashion. Currently","   * restricted to master and one prole.","   *","   * @property {object} consistencyLevel - Specifies the number of replicas to","   * be consulted in a read operation to provide the desired consistency","   * guarantee.","   *","   * @property consistencyLevel.ONE - Involve a single replica in the","   * operation.","   * @property consistencyLevel.ALL - Involve all replicas in the operation.","   *","   * @property {object} commitLevel - Specifies the number of replicas required","   * to be successfully committed before returning success in a write operation","   * to provide the desired consistency guarantee.","   *","   * @property commitLevel.ALL - Return success only after successfully","   * committing all replicas.","   * @property commitLevel.MASTER - Return success after successfully","   * committing the master replica.","   */","  this.policy = as.policy","","  /**","   * @summary Enumertion of special TTL (time-to-live) values.","   *","   * @description Instead of specifying a TTL in seconds, you can set the TTL","   * to one of these special values when creating or updating a record.","   *","   * @member {Object} ttl","   * @readonly","   * @static","   *","   * @property NAMESPACE_DEFAULT - Use the default TTL value for the namespace of the record.","   * @property NEVER_EXIRE - Never expire the record.","   * @property DONT_UPDATE - Update the record without changing the record's","   *                         TTL value. Requires Aerospike Server version 3.10.1 or later.","   *","   * @example","   *","   * const Aerospike = require('aerospike')","   * const Key = Aerospike.Key","   *","   * Aerospike.connect((error, client) => {","   *   if (error) throw error","   *   var key = new Key('test', 'demo', 'key1')","   *   var record = { 'a': 1, 'b': 2 }","   *   var meta = { ttl: 12345 }","   *   var policy = { exists: Aerospike.policy.exists.CREATE_OR_REPLACE }","   *   client.put(key, record, meta, policy, (error) => {","   *     if (error) throw error","   *     client.put(key, { c: 3 }, { ttl: Aerospike.ttl.DONT_UPDATE }, (error) => {","   *       if (error) throw error","   *       client.get(key, (error, record, meta) => {","   *         if (error) throw error","   *         console.log(record, meta) // => { a: 1, b: 2, c: 3 } { ttl: 12345, gen: 2 }","   *         client.close()","   *       })","   *     })","   *   })","   * })","   */","  this.ttl = as.ttl","","  /**","   * Enumeration of predicate types.","   * @private","   */","  this.predicates = as.predicates","","  /**","   * Enumeration of job status codes.","   *","   * @member {Object} jobStatus","   * @readonly","   * @static","   *","   * @see {@link Job#infoCallback} returns the job status.","   *","   * @property UNDEF - The job status is undefined. This is likely due to the","   * status not being properly checked.","   * @property INPROGRESS - The job is currently running.","   * @property COMPLETED - The job completed successfully.","   */","  this.jobStatus = as.jobStatus","","  /**","   * Enumeration of priority levels for a scan operation.","   *","   * @member {Object} scanPriority","   * @readonly","   * @static","   *","   *","   * @see {@link Scan#priority}","   *","   * @property AUTO - The cluster will auto adjust the scan priority.","   * @property LOW - Low scan priority.","   * @property MEDIUM - Medium scan priority.","   * @property HIGH - High scan priority.","   */","  this.scanPriority = as.scanPriority","","  /**","   * Enumeration of secondary index data types.","   *","   * @member {Object} indexDataType","   * @readonly","   * @static","   *","   * @property STRING - Values contained in the secondary index are strings.","   * @property NUMERIC - Values contained in the secondary index are integers.","   * @property GEO2DSPHERE - Values contained in the secondary index are GeoJSON values (points or polygons).","   *","   * @see {@link Client#createIndex}","   */","  this.indexDataType = as.indexDataType","","  /**","   * Enumeration of secondary index types.","   *","   * @member {Object} indexType","   * @readonly","   * @static","   *","   * @property DEFAULT - Default secondary index type for bins containing scalar values (i.e. integer, string).","   *","   * @property LIST - Secondary index for bins containing","   * <a href=\"http://www.aerospike.com/docs/guide/cdt-list.html\" title=\"Aerospike List Data Type\">&uArr;Lists</a>;","   * the index will be build over the individual entries of the list.","   *","   * @property MAPKEYS - Secondary index for bins containing","   * <a href=\"http://www.aerospike.com/docs/guide/cdt-map.html\" title=\"Aerospike Maps Data Type\">&uArr;Maps</a>;","   * the index will be build over the individual keys of the map entries.","   *","   * @property MAPVALUES - Secondary index for bins containing","   * <a href=\"http://www.aerospike.com/docs/guide/cdt-map.html\" title=\"Aerospike Maps Data Type\">&uArr;Maps</a>;","   * the index will be build over the individual values of the map entries.","   *","   * @see {@link Client#createIndex}","   */","  this.indexType = as.indexType","","  /**","   * Enumeration of error status codes.","   *","   * @member {Object} status","   * @readonly","   * @static","   *","   * @property AEROSPIKE_ERR_INVALID_NODE - Node invalid or could not be found.","   * @property AEROSPIKE_ERR_NO_MORE_CONNECTIONS - Asynchronous connection error.","   * @property AEROSPIKE_ERR_ASYNC_CONNECTION - Asynchronous connection error.","   * @property AEROSPIKE_ERR_CLIENT_ABORT - Query or scan was aborted in user's callback.","   * @property AEROSPIKE_ERR_INVALID_HOST - Host name could not be found in DNS lookup.","   * @property AEROSPIKE_NO_MORE_RECORDS - No more records available when parsing batch, scan or query records.","   * @property AEROSPIKE_ERR_PARAM - Invalid client API parameter.","   * @property AEROSPIKE_ERR_CLIENT - Generic client API usage error.","   * @property AEROSPIKE_ERR - Generic client error (deprecated).","   * @property AEROSPIKE_OK - Generic success.","   * @property AEROSPIKE_ERR_SERVER - Generic error returned by the server.","   * @property AEROSPIKE_ERR_RECORD_NOT_FOUND - Record does not exist in database. May be returned by read, or write with policy <code>exists: Aerospike.policy.exists.UPDATE</code>","   * @property AEROSPIKE_ERR_RECORD_GENERATION - Generation of record in database does not satisfy write policy.","   * @property AEROSPIKE_ERR_REQUEST_INVALID - Request protocol invalid, or invalid protocol field.","   * @property AEROSPIKE_ERR_RECORD_EXISTS - Record already exists. May be returned by write with policy <code>exists: Aerospike.policy.exists.CREATE</code>.","   * @property AEROSPIKE_ERR_BIN_EXISTS - Bin already exists.","   * @property AEROSPIKE_ERR_CLUSTER_CHANGE - A cluster state change occurred during the request.","   * @property AEROSPIKE_ERR_SERVER_FULL - The server node is running out of memory and/or storage device space reserved for the specified namespace.","   * @property AEROSPIKE_ERR_TIMEOUT - Request timed out. Can be triggered by client or server.","   * @property AEROSPIKE_ERR_NO_XDR - XDR not available for the cluster.","   * @property AEROSPIKE_ERR_CLUSTER - Generic cluster discovery & connection error.","   * @property AEROSPIKE_ERR_BIN_INCOMPATIBLE_TYPE - Bin modification operation cannot be done on an existing bin due to its value type.","   * @property AEROSPIKE_ERR_RECORD_TOO_BIG - Record being (re-)written cannot fit in a storage write block.","   * @property AEROSPIKE_ERR_RECORD_BUSY - Too many concurrent requests for one record - a \"hot key\" situation.","   * @property AEROSPIKE_ERR_SCAN_ABORTED - Scan aborted by user.","   * @property AEROSPIKE_ERR_UNSUPPORTED_FEATURE - Sometimes our doc, or our customers' wishes, get ahead of us. We may have processed something that the server is not ready for (unsupported feature).","   * @property AEROSPIKE_ERR_BIN_NOT_FOUND - Bin-level replace-only supported on server but not on client.","   * @property AEROSPIKE_ERR_DEVICE_OVERLOAD - The server node's storage device(s) can't keep up with the write load.","   * @property AEROSPIKE_ERR_RECORD_KEY_MISMATCH - Record key sent with transaction did not match key stored on server.","   * @property AEROSPIKE_ERR_NAMESPACE_NOT_FOUND - Namespace in request not found on server.","   * @property AEROSPIKE_ERR_BIN_NAME - Sent too-long bin name or exceeded namespace's bin name quota.","   * @property AEROSPIKE_ERR_FAIL_FORBIDDEN - Operation not allowed at this time.","   * @property AEROSPIKE_QUERY_END - There are no more records left for query.","   * @property AEROSPIKE_SECURITY_NOT_SUPPORTED - Security functionality not supported by connected server.","   * @property AEROSPIKE_SECURITY_NOT_ENABLED - Security functionality not enabled by connected server.","   * @property AEROSPIKE_SECURITY_SCHEME_NOT_SUPPORTED - Security type not supported by connected server.","   * @property AEROSPIKE_INVALID_COMMAND - Administration command is invalid.","   * @property AEROSPIKE_INVALID_FIELD - Administration field is invalid.","   * @property AEROSPIKE_ILLEGAL_STATE - Security protocol not followed.","   * @property AEROSPIKE_INVALID_USER - User name is invalid.","   * @property AEROSPIKE_USER_ALREADY_EXISTS - User was previously created.","   * @property AEROSPIKE_INVALID_PASSWORD - Password is invalid.","   * @property AEROSPIKE_EXPIRED_PASSWORD - Password has expired.","   * @property AEROSPIKE_FORBIDDEN_PASSWORD - Forbidden password (e.g. recently used).","   * @property AEROSPIKE_INVALID_CREDENTIAL - Security credential is invalid.","   * @property AEROSPIKE_INVALID_ROLE - Role name is invalid.","   * @property AEROSPIKE_ROLE_ALREADY_EXISTS - Role name already exists.","   * @property AEROSPIKE_INVALID_PRIVILEGE - Privilege is invalid.","   * @property AEROSPIKE_NOT_AUTHENTICATED - User must be authenticated before performing database operations.","   * @property AEROSPIKE_ROLE_VIOLATION - User does not possess the required role to perform the database operation.","   * @property AEROSPIKE_ERR_UDF - Generic UDF error.","   * @property AEROSPIKE_ERR_LARGE_ITEM_NOT_FOUND - The requested item in a large collection was not found.","   * @property AEROSPIKE_ERR_BATCH_DISABLED - Batch functionality has been disabled.","   * @property AEROSPIKE_ERR_BATCH_MAX_REQUESTS_EXCEEDED - Batch max. requests have been exceeded.","   * @property AEROSPIKE_ERR_BATCH_QUEUES_FULL - All batch queues are full.","   * @property AEROSPIKE_ERR_GEO_INVALID_GEOJSON - Invalid/unsupported GeoJSON.","   * @property AEROSPIKE_ERR_INDEX_FOUND - Index found.","   * @property AEROSPIKE_ERR_INDEX_NOT_FOUND - Index not found.","   * @property AEROSPIKE_ERR_INDEX_OOM - Index is out of memory.","   * @property AEROSPIKE_ERR_INDEX_NOT_READABLE - Unable to read the index.","   * @property AEROSPIKE_ERR_INDEX - Generic secondary index error.","   * @property AEROSPIKE_ERR_INDEX_NAME_MAXLEN - Index name is too long.","   * @property AEROSPIKE_ERR_INDEX_MAXCOUNT - System alrady has maximum allowed indeces.","   * @property AEROSPIKE_ERR_QUERY_ABORTED - Query was aborted.","   * @property AEROSPIKE_ERR_QUERY_QUEUE_FULL - Query processing queue is full.","   * @property AEROSPIKE_ERR_QUERY_TIMEOUT - Secondary index query timed out on server.","   * @property AEROSPIKE_ERR_QUERY - Generic query error.","   * @property AEROSPIKE_ERR_UDF_NOT_FOUND - UDF does not exist.","   * @property AEROSPIKE_ERR_LUA_FILE_NOT_FOUND - LUA file does not exist.","   * @property AEROSPIKE_ERR_LDT_INTERNAL - Internal LDT error.","   * @property AEROSPIKE_ERR_LDT_NOT_FOUND - LDT item not found.","   * @property AEROSPIKE_ERR_LDT_UNIQUE_KEY - Unique key violation: Duplicated item inserted when 'unique key' was set.","   * @property AEROSPIKE_ERR_LDT_INSERT - General error during insert operation.","   * @property AEROSPIKE_ERR_LDT_SEARCH - General error during search operation.","   * @property AEROSPIKE_ERR_LDT_DELETE - General error during delete operation.","   * @property AEROSPIKE_ERR_LDT_INPUT_PARM - General input parameter error.","   * @property AEROSPIKE_ERR_LDT_TYPE_MISMATCH - LDT type mismatch for this bi
[...]
olumn":2},"end":{"line":245,"column":33}},"113":{"start":{"line":246,"column":2},"end":{"line":246,"column":33}},"114":{"start":{"line":247,"column":2},"end":{"line":247,"column":32}},"115":{"start":{"line":254,"column":0},"end":{"line":271,"column":1}},"116":{"start":{"line":255,"column":2},"end":{"line":255,"column":75}},"117":{"start":{"line":256,"column":2},"end":{"line":256,"column":28}},"118":{"start":{"line":257,"column":2},"end":{"line":260,"column":4}},"119":{"start":{"line":259,"column":4},"end":{"line":259,"column":31}},"120":{"start":{"line":261,"column":2},"end":{"line":266,"column":4}},"121":{"start":{"line":262,"column":4},"end":{"line":262,"column":33}},"122":{"start":{"line":263,"column":4},"end":{"line":265,"column":5}},"123":{"start":{"line":264,"column":6},"end":{"line":264,"column":37}},"124":{"start":{"line":267,"column":2},"end":{"line":270,"column":4}},"125":{"start":{"line":269,"column":4},"end":{"line":269,"column":21}},"126":{"start":{"line":273,"column":0},"end":{"line":279,"column":1}},"127":{"start":{"line":274,"column":2},"end":{"line":278,"column":3}},"128":{"start":{"line":275,"column":4},"end":{"line":275,"column":48}},"129":{"start":{"line":277,"column":4},"end":{"line":277,"column":49}},"130":{"start":{"line":281,"column":0},"end":{"line":299,"column":1}},"131":{"start":{"line":282,"column":2},"end":{"line":282,"column":43}},"132":{"start":{"line":283,"column":2},"end":{"line":283,"column":33}},"133":{"start":{"line":284,"column":2},"end":{"line":297,"column":3}},"134":{"start":{"line":285,"column":4},"end":{"line":285,"column":15}},"135":{"start":{"line":286,"column":4},"end":{"line":296,"column":5}},"136":{"start":{"line":287,"column":6},"end":{"line":290,"column":7}},"137":{"start":{"line":291,"column":6},"end":{"line":291,"column":19}},"138":{"start":{"line":292,"column":6},"end":{"line":292,"column":40}},"139":{"start":{"line":293,"column":11},"end":{"line":296,"column":5}},"140":{"start":{"line":294,"column":6},"end":{"line":294,"column":25}},"141":{"start":{"line":295,"column":6},"end":{"line":295,"column":19}},"142":{"start":{"line":298,"column":2},"end":{"line":298,"column":37}},"143":{"start":{"line":302,"column":0},"end":{"line":304,"column":1}},"144":{"start":{"line":303,"column":2},"end":{"line":303,"column":34}},"145":{"start":{"line":313,"column":0},"end":{"line":315,"column":2}},"146":{"start":{"line":314,"column":2},"end":{"line":314,"column":26}},"147":{"start":{"line":317,"column":0},"end":{"line":320,"column":2}},"148":{"start":{"line":318,"column":2},"end":{"line":318,"column":34}},"149":{"start":{"line":319,"column":2},"end":{"line":319,"column":17}},"150":{"start":{"line":322,"column":0},"end":{"line":325,"column":2}},"151":{"start":{"line":323,"column":2},"end":{"line":323,"column":35}},"152":{"start":{"line":324,"column":2},"end":{"line":324,"column":17}},"153":{"start":{"line":341,"column":0},"end":{"line":353,"column":2}},"154":{"start":{"line":342,"column":2},"end":{"line":342,"column":49}},"155":{"start":{"line":343,"column":2},"end":{"line":352,"column":3}},"156":{"start":{"line":345,"column":6},"end":{"line":345,"column":24}},"157":{"start":{"line":347,"column":6},"end":{"line":347,"column":38}},"158":{"start":{"line":349,"column":6},"end":{"line":349,"column":22}},"159":{"start":{"line":351,"column":6},"end":{"line":351,"column":28}}},"branchMap":{"1":{"line":43,"type":"if","locations":[{"start":{"line":43,"column":0},"end":{"line":43,"column":0}},{"start":{"line":43,"column":0},"end":{"line":43,"column":0}}]},"2":{"line":86,"type":"if","locations":[{"start":{"line":86,"column":0},"end":{"line":86,"column":0}},{"start":{"line":86,"column":0},"end":{"line":86,"column":0}}]},"3":{"line":87,"type":"binary-expr","locations":[{"start":{"line":87,"column":42},"end":{"line":87,"column":51}},{"start":{"line":87,"column":55},"end":{"line":87,"column":59}}]},"4":{"line":90,"type":"if","locations":[{"start":{"line":90,"column":0},"end":{"line":90,"column":0}},{"start":{"line":90,"column":0},"end":{"line":90,"column":0}}]},"5":{"line":94,"type":"if","locations":[{"start":{"line":94,"column":0},"end":{"line":94,"column":0}},{"start":{"line":94,"column":0},"end":{"line":94,"column":0}}]},"6":{"line":101,"type":"if","locations":[{"start":{"line":101,"column":2},"end":{"line":101,"column":2}},{"start":{"line":101,"column":2},"end":{"line":101,"column":2}}]},"7":{"line":117,"type":"cond-expr","locations":[{"start":{"line":117,"column":20},"end":{"line":117,"column":21}},{"start":{"line":117,"column":24},"end":{"line":117,"column":28}}]},"8":{"line":132,"type":"switch","locations":[{"start":{"line":133,"column":6},"end":{"line":135,"column":13}},{"start":{"line":136,"column":6},"end":{"line":142,"column":13}},{"start":{"line":143,"column":6},"end":{"line":149,"column":13}},{"start":{"line":150,"column":6},"end":{"line":152,"column":13}}]},"9":{"line":163,"type":"binary-expr","locations":[{"start":{"line":163,"column":18},"end":{"line":163,"column":24}},{"start":{"line":163,"column":28},"end":{"line":163,"column":39}},{"start":{"line":163,"column":44},"end":{"line":163,"column":45}}]},"10":{"line":177,"type":"binary-expr","locations":[{"start":{"line":177,"column":18},"end":{"line":177,"column":24}},{"start":{"line":177,"column":28},"end":{"line":177,"column":39}},{"start":{"line":177,"column":44},"end":{"line":177,"column":45}}]},"11":{"line":203,"type":"if","locations":[{"start":{"line":203,"column":4},"end":{"line":203,"column":4}},{"start":{"line":203,"column":4},"end":{"line":203,"column":4}}]},"12":{"line":205,"type":"if","locations":[{"start":{"line":205,"column":11},"end":{"line":205,"column":11}},{"start":{"line":205,"column":11},"end":{"line":205,"column":11}}]},"13":{"line":205,"type":"binary-expr","locations":[{"start":{"line":205,"column":15},"end":{"line":205,"column":47}},{"start":{"line":205,"column":51},"end":{"line":205,"column":92}}]},"14":{"line":211,"type":"if","locations":[{"start":{"line":211,"column":4},"end":{"line":211,"column":4}},{"start":{"line":211,"column":4},"end":{"line":211,"column":4}}]},"15":{"line":216,"type":"binary-expr","locations":[{"start":{"line":216,"column":9},"end":{"line":216,"column":21}},{"start":{"line":216,"column":25},"end":{"line":216,"column":36}}]},"16":{"line":221,"type":"if","locations":[{"start":{"line":221,"column":4},"end":{"line":221,"column":4}},{"start":{"line":221,"column":4},"end":{"line":221,"column":4}}]},"17":{"line":225,"type":"if","locations":[{"start":{"line":225,"column":4},"end":{"line":225,"column":4}},{"start":{"line":225,"column":4},"end":{"line":225,"column":4}}]},"18":{"line":263,"type":"if","locations":[{"start":{"line":263,"column":4},"end":{"line":263,"column":4}},{"start":{"line":263,"column":4},"end":{"line":263,"column":4}}]},"19":{"line":274,"type":"if","locations":[{"start":{"line":274,"column":2},"end":{"line":274,"column":2}},{"start":{"line":274,"column":2},"end":{"line":274,"column":2}}]},"20":{"line":284,"type":"if","locations":[{"start":{"line":284,"column":2},"end":{"line":284,"column":2}},{"start":{"line":284,"column":2},"end":{"line":284,"column":2}}]},"21":{"line":286,"type":"if","locations":[{"start":{"line":286,"column":4},"end":{"line":286,"column":4}},{"start":{"line":286,"column":4},"end":{"line":286,"column":4}}]},"22":{"line":286,"type":"binary-expr","locations":[{"start":{"line":286,"column":8},"end":{"line":286,"column":20}},{"start":{"line":286,"column":24},"end":{"line":286,"column":48}}]},"23":{"line":293,"type":"if","locations":[{"start":{"line":293,"column":11},"end":{"line":293,"column":11}},{"start":{"line":293,"column":11},"end":{"line":293,"column":11}}]},"24":{"line":293,"type":"binary-expr","locations":[{"start":{"line":293,"column":15},"end":{"line":293,"column":26}},{"start":{"line":293,"column":30},"end":{"line":293,"column":54}}]},"25":{"line":302,"type":"if","locations":[{"start":{"line":302,"column":0},"end":{"line":302,"column":0}},{"start":{"line":302,"column":0},"end":{"line":302,"column":0}}]},"26":{"line":343,"type":"switch","locations":[{"start":{"line":344,"column":4},"end":{"line":345,"column":24}},{"start":{"line":346,"column":4},"end":{"line":347,"column":38}},{"start":{"line":348,"column":4},"end":{"line":349,"column":22}},{"start":{"line":350,"column":4},"end":{"line":351,"column":28}}]}},"code":["// *****************************************************************************","// Copyright 2013-2017 Aerospike, Inc.","//","// Licensed under the Apache License, Version 2.0 (the \"License\")","// you may not use this file except in compliance with the License.","// You may obtain a copy of the License at","//","//     http://www.apache.org/licenses/LICENSE-2.0","//","// Unless required by applicable law or agreed to in writing, software","// distributed under the License is distributed on an \"AS IS\" BASIS,","// WITHOUT WARRANTIES OR CONDITIONS OF ANY KIND, either express or implied.","// See the License for the specific language governing permissions and","// limitations under the License.","// *****************************************************************************","","// *****************************************************************************","// Benchmark Worker, run operations and report results.","// *****************************************************************************","","var aerospike = require('aerospike')","var cluster = require('cluster')","var util = require('util')","var winston = require('winston')","var stats = require('./stats')","var status = aerospike.status","var alerts = require('./alerts.js')","var argv = require('./config.json')","","// *****************************************************************************","//  MACROS","// *****************************************************************************","","var OP_TYPES = 4 // READ, WRITE, QUERY and SCAN","var READ = 0","var WRITE = 1","var QUERY = 2","var SCAN = 3","var TPS = 0","var TIMEOUT = 1","var ERROR = 2","","if (!cluster.isWorker) {","  console.error('worker.js must only be run as a child process of main.js.')","  process.exit()","}","","argv.ttl = stats.parseTimeToSecs(argv.ttl)","","// variables to track memory growth(RSS) of worker process.","var heapMemory = 0","var initialFlux = true","var memGrowth = 0","var FLUX_PERIOD = 5","","// *****************************************************************************","// Logging","// *****************************************************************************","","var logger = new (winston.Logger)({","  transports: [","    new (winston.transports.Console)({","      level: 'info',","      silent: false,","      colorize: true","    })","  ]","})","","// *****************************************************************************","// Aerospike Client","// *****************************************************************************","","var config = {","  policies: {","    timeout: argv.timeout","  },","  sharedMemory: {","    key: 0xA5000000,","    maxNodes: 16,","    maxNamespaces: 8,","    takeoverThresholdSeconds: 30","  }","}","","if (argv.host) {","  config.hosts = [{addr: argv.host, port: argv.port || 3000}]","}","","if (argv.user !== null) {","  config.user = argv.user","}","","if (argv.password !== null) {","  config.password = argv.password","}","","var client = aerospike.client(config)","","client.connect(function (err) {","  if (err) {","    logger.error('Aerospike server connection error: ', err)","    process.exit(1)","  } else {","    logger.info('worker connected: ' + client.config.hosts)","  }","})","","// *****************************************************************************","// Operations","// *****************************************************************************","/**","* key are in range [min ... max]","*/","function keygen (min, max) {","  var rand = Math.floor(Math.random() * 0x100000000) % (max - min + 1) + min","  return rand < 1 ? 1 : rand","}","","var STRING_DATA = 'This the test data to be written to the server'","/**","* Generate a record with string and blob in it if run for longevity.","* Size of strings and blob is argv.datasize ( default 1K).","*","*","*/","function recordgen (key, binSpec) {","  var data = {}","  var i = 0","  do {","    var bin = binSpec[i]","    switch (bin.type) {","      case 'INTEGER':","        data[bin.name] = key","        break","      case 'STRING':","        data[bin.name] = STRING_DATA","        while (data[bin.name].length < bin.size) {","          data[bin.name] += STRING_DATA","        }","        data[bin.name] += key","        break","      case 'BYTES':","        var bufData = STRING_DATA","        while (bufData.length < bin.size) {","          bufData += STRING_DATA","        }","        data[bin.name] = new Buffer(bufData)","        break","      default:","        data.num = key","        break","    }","    i++","  } while (i < binSpec.length)","  return data","}","","function get (key, done) {","  var timeStart = process.hrtime()","  client.get(key, function (_error, _record, _metadata, _key) {","    var timeEnd = process.hrtime()","    var status = (_error && _error.code) || 0","    done(status, timeStart, timeEnd, READ)","  })","}","","// set the ttl for the write","var metadata = {","  ttl: argv.ttl","}","","function put (options, done) {","  var timeStart = process.hrtime()","  client.put(options.key, options.record, metadata, function (_error, _record, _metadata, _key) {","    var timeEnd = process.hrtime()","    var status = (_error && _error.code) || 0","    done(status, timeStart, timeEnd, WRITE)","  })","}","","// Structure to store per second statistics.","var intervalData = new Array(OP_TYPES)","resetIntervalData()","","function run (options) {","  var expected = options.rops + options.wops","  var completed = 0","","  // @ TO-DO optimization.","  // Currently stats of all the operations is collected and sent to","  // master at the end of an iteration.","  // Master puts the stats in appropriate histogram.","  // Consider having histogram for each worker Vs sending the","  // results in an array - Which one is more memory efficient.","  var operations = Array(expected)","  var readOps = options.rops","  var writeOps = options.wops","","  function done (opStatus, opTimeStart, opTimeEnd, opType) {","    operations[completed] = [opStatus, opTimeStart, opTimeEnd]","    intervalData[opType][TPS]++","    if (opStatus === status.AEROSPIKE_ERR_TIMEOUT) {","      intervalData[opType][TIMEOUT]++","    } else if (opStatus !== status.AEROSPIKE_OK && opStatus !== status.AEROSPIKE_ERR_TIMEOUT) {","      intervalData[opType][ERROR]++","    }","","    completed++","","    if (completed >= expected) {","      process.send(['stats', operations])","    }","  }","","  while (writeOps > 0 || readOps > 0) {","    var k = keygen(options.keyRange.min, options.keyRange.max)","    var key = {ns: options.namespace, set: options.set, key: k}","    var record = recordgen(k, options.binSpec)","    var ops = {key: key, record: record}","    if (writeOps > 0) {","      writeOps--","      put(ops, done)","    }","    if (readOps > 0) {","      readOps--","      get(key, done)","    }","  }","}","","/*"," * Sends the populated intervalData to the parent and resets it for the next second"," */","function respond () {","  process.send(['trans', intervalData])","  resetIntervalData()","}","","/*"," * Reset intervalData"," */","function resetIntervalData () {","  intervalData[READ] = [0, 0, 0] // [reads_performed, reads_timeout, reads_error]","  intervalData[WRITE] = [0, 0, 0] // [writes_performed, writes_timeout, writes_error]","  intervalData[QUERY] = [0, 0, 0] // [QueryRecords, query_timeout, query_error]","  intervalData[SCAN] = [0, 0, 0]","}","","/*"," * Execute the long running job."," */","","function executeJob (options, opType, callback) {","  var job = client.query(options.namespace, options.set, options.statement)","  var stream = job.execute()","  stream.on('data', function (record) {","    // count the records returned","    intervalData[opType][TPS]++","  })","  stream.on('error', function (error) {","    intervalData[opType][ERROR]++","    if (error.code === status.AEROSPIKE_ERR_TIMEOUT) {","      intervalData[opType][TIMEOUT]++","    }","  })","  stream.on('end', function () {","    // update a stat for number of jobs completed.","    callback(options)","  })","}","","var runLongRunningJob = function (options) {","  if (options.statement.filters === undefined) {","    executeJob(options, SCAN, runLongRunningJob)","  } else {","    executeJob(options, QUERY, runLongRunningJob)","  }","}","","var monitorMemory = function () {","  var currentMemory = process.memoryUsage()","  currentMemory.pid = process.pid","  if (heapMemory < currentMemory.heapUsed) {","    memGrowth++","    if (!initialFlux && memGrowth >= FLUX_PERIOD) {","      var alertData = {","        alert: currentMemory,","        severity: alerts.severity.HIGH","      }","      memGrowth = 0","      process.send(['alert', alertData])","    } else if (initialFlux && memGrowth >= FLUX_PERIOD) {","      initialFlux = false","      memGrowth = 0","    }","  }","  heapMemory = currentMemory.heapUsed","}","// log the memory footprint of the process every 10 minutes.","// when it is run in longevity mode.","if (argv.longevity) {","  setInterval(monitorMemory, 6000)","}","// *****************************************************************************","// Event Listeners","// *****************************************************************************","","//","// Listen for exit signal from parent. Hopefully we can do a clean","// shutdown and emit results.","//","process.on('exit', function () {","  logger.debug('Exiting.')","})","","process.on('SIGINT', function () {","  logger.debug('Received SIGINT.')","  process.exit(0)","})","","process.on('SIGTERM', function () {","  logger.debug('Received SIGTERM.')","  process.exit(0)","})","","/**"," * Listen for messages from the parent. This is useful, if the parent"," * wants to run the child for a duration of time, rather than a"," * number of operations."," *"," *  KEY         := STRING | INTEGER"," *  PUT         := '[' \"put\" ',' KEY ',' RECORD ']'"," *  GET         := '[' \"get\" ',' KEY ']'"," *  OPERATION   := GET | PUT"," *  OPERATIONS  := '[' OPERATION+ ']'"," *  COMMAND     := \"run\" ',' OPERATIONS"," *"," *  MESSAGE     := '[' COMMAND ']'"," */","process.on('message', function (msg) {","  logger.debug('command: ', util.inspect(msg[0]))","  switch (msg[0]) {","    case 'run':","      return run(msg[1])","    case 'query':","      return runLongRunningJob(msg[1])","    case 'trans':","      return respond()","    default:","      return process.exit(0)","  }","})",""],"l":{"21":2,"22":2,"23":2,"24":2,"25":0,"26":0,"27":0,"28":0,"34":0,"35":0,"36":0,"37":0,"38":0,"39":0,"40":0,"41":0,"43":0,"44":0,"45":0,"48":0,"51":0,"52":0,"53":0,"54":0,"60":0,"74":0,"86":0,"87":0,"90":0,"91":0,"94":0,"95":0,"98":0,"100":0,"101":0,"102":0,"103":0,"105":0,"115":1,"116":0,"117":0,"120":0,"127":1,"128":0,"129":0,"130":0,"131":0,"132":0,"134":0,"135":0,"137":0,"138":0,"139":0,"141":0,"142":0,"144":0,"145":0,"146":0,"148":0,"149":0,"151":0,"152":0,"154":0,"156":0,"159":1,"160":0,"161":0,"162":0,"163":0,"164":0,"169":0,"173":1,"174":0,"175":0,"176":0,"177":0,"178":0,"183":0,"184":0,"186":1,"187":0,"188":0,"196":0,"197":0,"198":0,"200":1,"201":0,"202":0,"203":0,"204":0,"205":0,"206":0,"209":0,"211":0,"212":0,"216":0,"217":0,"218":0,"219":0,"220":0,"221":0,"222":0,"223":0,"225":0,"226":0,"227":0,"235":1,"236":0,"237":0,"243":1,"244":0,"245":0,"246":0,"247":0,"254":1,"255":0,"256":0,"257":0,"259":0,"261":0,"262":0,"263":0,"264":0,"267":0,"269":0,"273":0,"274":0,"275":0,"277":0,"281":0,"282":0,"283":0,"284":0,"285":0,"286":0,"287":0,"291":0,"292":0,"293":0,"294":0,"295":0,"298":0,"302":0,"303":0,"313":0,"314":0,"317":0,"318":0,"319":0,"322":0,"323":0,"324":0,"341":0,"342":0,"343":0,"345":0,"347":0,"349":0,"351":0}}}